This is XeTeX, Version 3.141592653-2.6-0.999995 (TeX Live 2023) (preloaded format=xelatex 2024.1.31)  31 JAN 2024 14:26
entering extended mode
 restricted \write18 enabled.
 %&-line parsing enabled.
**math.tex
(./math.tex
LaTeX2e <2023-11-01> patch level 1
L3 programming layer <2024-01-22>
(d:/Users/115381/AppData/Roaming/TinyTeX/texmf-dist/tex/latex/base/book.cls
Document Class: book 2023/05/17 v1.4n Standard LaTeX document class
(d:/Users/115381/AppData/Roaming/TinyTeX/texmf-dist/tex/latex/base/bk10.clo
File: bk10.clo 2023/05/17 v1.4n Standard LaTeX file (size option)
)
\c@part=\count183
\c@chapter=\count184
\c@section=\count185
\c@subsection=\count186
\c@subsubsection=\count187
\c@paragraph=\count188
\c@subparagraph=\count189
\c@figure=\count190
\c@table=\count191
\abovecaptionskip=\skip48
\belowcaptionskip=\skip49
\bibindent=\dimen140
) (d:/Users/115381/AppData/Roaming/TinyTeX/texmf-dist/tex/latex/amsmath/amsmath.sty
Package: amsmath 2023/05/13 v2.17o AMS math features
\@mathmargin=\skip50
For additional information on amsmath, use the `?' option.
(d:/Users/115381/AppData/Roaming/TinyTeX/texmf-dist/tex/latex/amsmath/amstext.sty
Package: amstext 2021/08/26 v2.01 AMS text
(d:/Users/115381/AppData/Roaming/TinyTeX/texmf-dist/tex/latex/amsmath/amsgen.sty
File: amsgen.sty 1999/11/30 v2.0 generic functions
\@emptytoks=\toks17
\ex@=\dimen141
)) (d:/Users/115381/AppData/Roaming/TinyTeX/texmf-dist/tex/latex/amsmath/amsbsy.sty
Package: amsbsy 1999/11/29 v1.2d Bold Symbols
\pmbraise@=\dimen142
) (d:/Users/115381/AppData/Roaming/TinyTeX/texmf-dist/tex/latex/amsmath/amsopn.sty
Package: amsopn 2022/04/08 v2.04 operator names
)
\inf@bad=\count192
LaTeX Info: Redefining \frac on input line 234.
\uproot@=\count193
\leftroot@=\count194
LaTeX Info: Redefining \overline on input line 399.
LaTeX Info: Redefining \colon on input line 410.
\classnum@=\count195
\DOTSCASE@=\count196
LaTeX Info: Redefining \ldots on input line 496.
LaTeX Info: Redefining \dots on input line 499.
LaTeX Info: Redefining \cdots on input line 620.
\Mathstrutbox@=\box51
\strutbox@=\box52
LaTeX Info: Redefining \big on input line 722.
LaTeX Info: Redefining \Big on input line 723.
LaTeX Info: Redefining \bigg on input line 724.
LaTeX Info: Redefining \Bigg on input line 725.
\big@size=\dimen143
LaTeX Font Info:    Redeclaring font encoding OML on input line 743.
LaTeX Font Info:    Redeclaring font encoding OMS on input line 744.
\macc@depth=\count197
LaTeX Info: Redefining \bmod on input line 905.
LaTeX Info: Redefining \pmod on input line 910.
LaTeX Info: Redefining \smash on input line 940.
LaTeX Info: Redefining \relbar on input line 970.
LaTeX Info: Redefining \Relbar on input line 971.
\c@MaxMatrixCols=\count198
\dotsspace@=\muskip16
\c@parentequation=\count199
\dspbrk@lvl=\count266
\tag@help=\toks18
\row@=\count267
\column@=\count268
\maxfields@=\count269
\andhelp@=\toks19
\eqnshift@=\dimen144
\alignsep@=\dimen145
\tagshift@=\dimen146
\tagwidth@=\dimen147
\totwidth@=\dimen148
\lineht@=\dimen149
\@envbody=\toks20
\multlinegap=\skip51
\multlinetaggap=\skip52
\mathdisplay@stack=\toks21
LaTeX Info: Redefining \[ on input line 2953.
LaTeX Info: Redefining \] on input line 2954.
) (d:/Users/115381/AppData/Roaming/TinyTeX/texmf-dist/tex/latex/amsfonts/amssymb.sty
Package: amssymb 2013/01/14 v3.01 AMS font symbols
(d:/Users/115381/AppData/Roaming/TinyTeX/texmf-dist/tex/latex/amsfonts/amsfonts.sty
Package: amsfonts 2013/01/14 v3.01 Basic AMSFonts support
\symAMSa=\mathgroup4
\symAMSb=\mathgroup5
LaTeX Font Info:    Redeclaring math symbol \hbar on input line 98.
LaTeX Font Info:    Overwriting math alphabet `\mathfrak' in version `bold'
(Font)                  U/euf/m/n --> U/euf/b/n on input line 106.
)) (d:/Users/115381/AppData/Roaming/TinyTeX/texmf-dist/tex/generic/iftex/iftex.sty
Package: iftex 2022/02/03 v1.0f TeX engine tests
) (d:/Users/115381/AppData/Roaming/TinyTeX/texmf-dist/tex/latex/unicode-math/unicode-math.sty (d:/Users/115381/AppData/Roaming/TinyTeX/texmf-dist/tex/latex/l3kernel/expl3.sty
Package: expl3 2024-01-22 L3 programming layer (loader) 
(d:/Users/115381/AppData/Roaming/TinyTeX/texmf-dist/tex/latex/l3backend/l3backend-xetex.def
File: l3backend-xetex.def 2024-01-04 L3 backend support: XeTeX
\g__graphics_track_int=\count270
\l__pdf_internal_box=\box53
\g__pdf_backend_object_int=\count271
\g__pdf_backend_annotation_int=\count272
\g__pdf_backend_link_int=\count273
))
Package: unicode-math 2023/08/13 v0.8r Unicode maths in XeLaTeX and LuaLaTeX
(d:/Users/115381/AppData/Roaming/TinyTeX/texmf-dist/tex/latex/unicode-math/unicode-math-xetex.sty
Package: unicode-math-xetex 2023/08/13 v0.8r Unicode maths in XeLaTeX and LuaLaTeX
(d:/Users/115381/AppData/Roaming/TinyTeX/texmf-dist/tex/latex/l3packages/xparse/xparse.sty
Package: xparse 2023-10-10 L3 Experimental document command parser
) (d:/Users/115381/AppData/Roaming/TinyTeX/texmf-dist/tex/latex/l3packages/l3keys2e/l3keys2e.sty
Package: l3keys2e 2023-10-10 LaTeX2e option processing using LaTeX3 keys
) (d:/Users/115381/AppData/Roaming/TinyTeX/texmf-dist/tex/latex/fontspec/fontspec.sty
Package: fontspec 2022/01/15 v2.8a Font selection for XeLaTeX and LuaLaTeX
(d:/Users/115381/AppData/Roaming/TinyTeX/texmf-dist/tex/latex/fontspec/fontspec-xetex.sty
Package: fontspec-xetex 2022/01/15 v2.8a Font selection for XeLaTeX and LuaLaTeX
\l__fontspec_script_int=\count274
\l__fontspec_language_int=\count275
\l__fontspec_strnum_int=\count276
\l__fontspec_tmp_int=\count277
\l__fontspec_tmpa_int=\count278
\l__fontspec_tmpb_int=\count279
\l__fontspec_tmpc_int=\count280
\l__fontspec_em_int=\count281
\l__fontspec_emdef_int=\count282
\l__fontspec_strong_int=\count283
\l__fontspec_strongdef_int=\count284
\l__fontspec_tmpa_dim=\dimen150
\l__fontspec_tmpb_dim=\dimen151
\l__fontspec_tmpc_dim=\dimen152
(d:/Users/115381/AppData/Roaming/TinyTeX/texmf-dist/tex/latex/base/fontenc.sty
Package: fontenc 2021/04/29 v2.0v Standard LaTeX package
) (d:/Users/115381/AppData/Roaming/TinyTeX/texmf-dist/tex/latex/fontspec/fontspec.cfg))) (d:/Users/115381/AppData/Roaming/TinyTeX/texmf-dist/tex/latex/base/fix-cm.sty
Package: fix-cm 2020/11/24 v1.1t fixes to LaTeX
(d:/Users/115381/AppData/Roaming/TinyTeX/texmf-dist/tex/latex/base/ts1enc.def
File: ts1enc.def 2001/06/05 v3.0e (jk/car/fm) Standard LaTeX file
LaTeX Font Info:    Redeclaring font encoding TS1 on input line 47.
))
\g__um_fam_int=\count285
\g__um_fonts_used_int=\count286
\l__um_primecount_int=\count287
\g__um_primekern_muskip=\muskip17
(d:/Users/115381/AppData/Roaming/TinyTeX/texmf-dist/tex/latex/unicode-math/unicode-math-table.tex))) (d:/Users/115381/AppData/Roaming/TinyTeX/texmf-dist/tex/latex/lm/lmodern.sty
Package: lmodern 2015/05/01 v1.6.1 Latin Modern Fonts
LaTeX Font Info:    Overwriting symbol font `operators' in version `normal'
(Font)                  OT1/cmr/m/n --> OT1/lmr/m/n on input line 22.
LaTeX Font Info:    Overwriting symbol font `letters' in version `normal'
(Font)                  OML/cmm/m/it --> OML/lmm/m/it on input line 23.
LaTeX Font Info:    Overwriting symbol font `symbols' in version `normal'
(Font)                  OMS/cmsy/m/n --> OMS/lmsy/m/n on input line 24.
LaTeX Font Info:    Overwriting symbol font `largesymbols' in version `normal'
(Font)                  OMX/cmex/m/n --> OMX/lmex/m/n on input line 25.
LaTeX Font Info:    Overwriting symbol font `operators' in version `bold'
(Font)                  OT1/cmr/bx/n --> OT1/lmr/bx/n on input line 26.
LaTeX Font Info:    Overwriting symbol font `letters' in version `bold'
(Font)                  OML/cmm/b/it --> OML/lmm/b/it on input line 27.
LaTeX Font Info:    Overwriting symbol font `symbols' in version `bold'
(Font)                  OMS/cmsy/b/n --> OMS/lmsy/b/n on input line 28.
LaTeX Font Info:    Overwriting symbol font `largesymbols' in version `bold'
(Font)                  OMX/cmex/m/n --> OMX/lmex/m/n on input line 29.
LaTeX Font Info:    Overwriting math alphabet `\mathbf' in version `normal'
(Font)                  OT1/cmr/bx/n --> OT1/lmr/bx/n on input line 31.
LaTeX Font Info:    Overwriting math alphabet `\mathsf' in version `normal'
(Font)                  OT1/cmss/m/n --> OT1/lmss/m/n on input line 32.
LaTeX Font Info:    Overwriting math alphabet `\mathit' in version `normal'
(Font)                  OT1/cmr/m/it --> OT1/lmr/m/it on input line 33.
LaTeX Font Info:    Overwriting math alphabet `\mathtt' in version `normal'
(Font)                  OT1/cmtt/m/n --> OT1/lmtt/m/n on input line 34.
LaTeX Font Info:    Overwriting math alphabet `\mathbf' in version `bold'
(Font)                  OT1/cmr/bx/n --> OT1/lmr/bx/n on input line 35.
LaTeX Font Info:    Overwriting math alphabet `\mathsf' in version `bold'
(Font)                  OT1/cmss/bx/n --> OT1/lmss/bx/n on input line 36.
LaTeX Font Info:    Overwriting math alphabet `\mathit' in version `bold'
(Font)                  OT1/cmr/bx/it --> OT1/lmr/bx/it on input line 37.
LaTeX Font Info:    Overwriting math alphabet `\mathtt' in version `bold'
(Font)                  OT1/cmtt/m/n --> OT1/lmtt/m/n on input line 38.
) (d:/Users/115381/AppData/Roaming/TinyTeX/texmf-dist/tex/latex/upquote/upquote.sty
Package: upquote 2012/04/19 v1.3 upright-quote and grave-accent glyphs in verbatim
(d:/Users/115381/AppData/Roaming/TinyTeX/texmf-dist/tex/latex/base/textcomp.sty
Package: textcomp 2020/02/02 v2.0n Standard LaTeX package
)) (d:/Users/115381/AppData/Roaming/TinyTeX/texmf-dist/tex/latex/xcolor/xcolor.sty
Package: xcolor 2023/11/15 v3.01 LaTeX color extensions (UK)
(d:/Users/115381/AppData/Roaming/TinyTeX/texmf-dist/tex/latex/graphics-cfg/color.cfg
File: color.cfg 2016/01/02 v1.6 sample color configuration
)
Package xcolor Info: Driver file: xetex.def on input line 274.
(d:/Users/115381/AppData/Roaming/TinyTeX/texmf-dist/tex/latex/graphics-def/xetex.def
File: xetex.def 2022/09/22 v5.0n Graphics/color driver for xetex
) (d:/Users/115381/AppData/Roaming/TinyTeX/texmf-dist/tex/latex/graphics/mathcolor.ltx)
Package xcolor Info: Model `cmy' substituted by `cmy0' on input line 1350.
Package xcolor Info: Model `RGB' extended on input line 1366.
Package xcolor Info: Model `HTML' substituted by `rgb' on input line 1368.
Package xcolor Info: Model `Hsb' substituted by `hsb' on input line 1369.
Package xcolor Info: Model `tHsb' substituted by `hsb' on input line 1370.
Package xcolor Info: Model `HSB' substituted by `hsb' on input line 1371.
Package xcolor Info: Model `Gray' substituted by `gray' on input line 1372.
Package xcolor Info: Model `wave' substituted by `hsb' on input line 1373.
) (d:/Users/115381/AppData/Roaming/TinyTeX/texmf-dist/tex/latex/graphics/dvipsnam.def
File: dvipsnam.def 2016/06/17 v3.0m Driver-dependent file (DPC,SPQR)
) (d:/Users/115381/AppData/Roaming/TinyTeX/texmf-dist/tex/latex/xcolor/svgnam.def
File: svgnam.def 2023/11/15 v3.01 Predefined colors according to SVG 1.1 (UK)
) (d:/Users/115381/AppData/Roaming/TinyTeX/texmf-dist/tex/latex/xcolor/x11nam.def
File: x11nam.def 2023/11/15 v3.01 Predefined colors according to Unix/X11 (UK)
) (d:/Users/115381/AppData/Roaming/TinyTeX/texmf-dist/tex/latex/geometry/geometry.sty
Package: geometry 2020/01/02 v5.9 Page Geometry
(d:/Users/115381/AppData/Roaming/TinyTeX/texmf-dist/tex/latex/graphics/keyval.sty
Package: keyval 2022/05/29 v1.15 key=value parser (DPC)
\KV@toks@=\toks22
) (d:/Users/115381/AppData/Roaming/TinyTeX/texmf-dist/tex/generic/iftex/ifvtex.sty
Package: ifvtex 2019/10/25 v1.7 ifvtex legacy package. Use iftex instead.
)
\Gm@cnth=\count288
\Gm@cntv=\count289
\c@Gm@tempcnt=\count290
\Gm@bindingoffset=\dimen153
\Gm@wd@mp=\dimen154
\Gm@odd@mp=\dimen155
\Gm@even@mp=\dimen156
\Gm@layoutwidth=\dimen157
\Gm@layoutheight=\dimen158
\Gm@layouthoffset=\dimen159
\Gm@layoutvoffset=\dimen160
\Gm@dimlist=\toks23
) (d:/Users/115381/AppData/Roaming/TinyTeX/texmf-dist/tex/latex/fancyvrb/fancyvrb.sty
Package: fancyvrb 2024/01/20 4.5c verbatim text (tvz,hv)
\FV@CodeLineNo=\count291
\FV@InFile=\read2
\FV@TabBox=\box54
\c@FancyVerbLine=\count292
\FV@StepNumber=\count293
\FV@OutFile=\write3
) (d:/Users/115381/AppData/Roaming/TinyTeX/texmf-dist/tex/latex/framed/framed.sty
Package: framed 2011/10/22 v 0.96: framed or shaded text with page breaks
\OuterFrameSep=\skip53
\fb@frw=\dimen161
\fb@frh=\dimen162
\FrameRule=\dimen163
\FrameSep=\dimen164
) (d:/Users/115381/AppData/Roaming/TinyTeX/texmf-dist/tex/latex/tools/longtable.sty
Package: longtable 2023-11-01 v4.19 Multi-page Table package (DPC)
\LTleft=\skip54
\LTright=\skip55
\LTpre=\skip56
\LTpost=\skip57
\LTchunksize=\count294
\LTcapwidth=\dimen165
\LT@head=\box55
\LT@firsthead=\box56
\LT@foot=\box57
\LT@lastfoot=\box58
\LT@gbox=\box59
\LT@cols=\count295
\LT@rows=\count296
\c@LT@tables=\count297
\c@LT@chunks=\count298
\LT@p@ftn=\toks24
) (d:/Users/115381/AppData/Roaming/TinyTeX/texmf-dist/tex/latex/booktabs/booktabs.sty
Package: booktabs 2020/01/12 v1.61803398 Publication quality tables
\heavyrulewidth=\dimen166
\lightrulewidth=\dimen167
\cmidrulewidth=\dimen168
\belowrulesep=\dimen169
\belowbottomsep=\dimen170
\aboverulesep=\dimen171
\abovetopsep=\dimen172
\cmidrulesep=\dimen173
\cmidrulekern=\dimen174
\defaultaddspace=\dimen175
\@cmidla=\count299
\@cmidlb=\count300
\@aboverulesep=\dimen176
\@belowrulesep=\dimen177
\@thisruleclass=\count301
\@lastruleclass=\count302
\@thisrulewidth=\dimen178
) (d:/Users/115381/AppData/Roaming/TinyTeX/texmf-dist/tex/latex/tools/array.sty
Package: array 2023/10/16 v2.5g Tabular extension package (FMi)
\col@sep=\dimen179
\ar@mcellbox=\box60
\extrarowheight=\dimen180
\NC@list=\toks25
\extratabsurround=\skip58
\backup@length=\skip59
\ar@cellbox=\box61
) (d:/Users/115381/AppData/Roaming/TinyTeX/texmf-dist/tex/latex/tools/calc.sty
Package: calc 2023/07/08 v4.3 Infix arithmetic (KKT,FJ)
\calc@Acount=\count303
\calc@Bcount=\count304
\calc@Adimen=\dimen181
\calc@Bdimen=\dimen182
\calc@Askip=\skip60
\calc@Bskip=\skip61
LaTeX Info: Redefining \setlength on input line 80.
LaTeX Info: Redefining \addtolength on input line 81.
\calc@Ccount=\count305
\calc@Cskip=\skip62
) (d:/Users/115381/AppData/Roaming/TinyTeX/texmf-dist/tex/latex/etoolbox/etoolbox.sty
Package: etoolbox 2020/10/05 v2.5k e-TeX tools for LaTeX (JAW)
\etb@tempcnta=\count306
) (d:/Users/115381/AppData/Roaming/TinyTeX/texmf-dist/tex/latex/mdwtools/footnote.sty
Package: footnote 1997/01/28 1.13 Save footnotes around boxes
\fn@notes=\box62
\fn@width=\dimen183
) (d:/Users/115381/AppData/Roaming/TinyTeX/texmf-dist/tex/latex/graphics/graphicx.sty
Package: graphicx 2021/09/16 v1.2d Enhanced LaTeX Graphics (DPC,SPQR)
(d:/Users/115381/AppData/Roaming/TinyTeX/texmf-dist/tex/latex/graphics/graphics.sty
Package: graphics 2022/03/10 v1.4e Standard LaTeX Graphics (DPC,SPQR)
(d:/Users/115381/AppData/Roaming/TinyTeX/texmf-dist/tex/latex/graphics/trig.sty
Package: trig 2021/08/11 v1.11 sin cos tan (DPC)
) (d:/Users/115381/AppData/Roaming/TinyTeX/texmf-dist/tex/latex/graphics-cfg/graphics.cfg
File: graphics.cfg 2016/06/04 v1.11 sample graphics configuration
)
Package graphics Info: Driver file: xetex.def on input line 107.
)
\Gin@req@height=\dimen184
\Gin@req@width=\dimen185
)
\cslhangindent=\skip63
\csllabelwidth=\skip64
\cslentryspacingunit=\skip65
(d:/Users/115381/AppData/Roaming/TinyTeX/texmf-dist/tex/latex/cjk/texinput/CJK.sty
Package: CJK 2021/10/16 4.8.5
(d:/Users/115381/AppData/Roaming/TinyTeX/texmf-dist/tex/latex/cjk/texinput/mule/MULEenc.sty
Package: MULEenc 2021/10/16 4.8.5
) (d:/Users/115381/AppData/Roaming/TinyTeX/texmf-dist/tex/latex/cjk/texinput/CJK.enc
File: CJK.enc 2021/10/16 4.8.5
)
\CJK@indent=\box63
) (d:/Users/115381/AppData/Roaming/TinyTeX/texmf-dist/tex/latex/hyperref/hyperref.sty
Package: hyperref 2024-01-20 v7.01h Hypertext links for LaTeX
(d:/Users/115381/AppData/Roaming/TinyTeX/texmf-dist/tex/latex/kvsetkeys/kvsetkeys.sty
Package: kvsetkeys 2022-10-05 v1.19 Key value parser (HO)
) (d:/Users/115381/AppData/Roaming/TinyTeX/texmf-dist/tex/generic/kvdefinekeys/kvdefinekeys.sty
Package: kvdefinekeys 2019-12-19 v1.6 Define keys (HO)
) (d:/Users/115381/AppData/Roaming/TinyTeX/texmf-dist/tex/generic/pdfescape/pdfescape.sty
Package: pdfescape 2019/12/09 v1.15 Implements pdfTeX's escape features (HO)
(d:/Users/115381/AppData/Roaming/TinyTeX/texmf-dist/tex/generic/ltxcmds/ltxcmds.sty
Package: ltxcmds 2023-12-04 v1.26 LaTeX kernel commands for general use (HO)
) (d:/Users/115381/AppData/Roaming/TinyTeX/texmf-dist/tex/generic/pdftexcmds/pdftexcmds.sty
Package: pdftexcmds 2020-06-27 v0.33 Utility functions of pdfTeX for LuaTeX (HO)
(d:/Users/115381/AppData/Roaming/TinyTeX/texmf-dist/tex/generic/infwarerr/infwarerr.sty
Package: infwarerr 2019/12/03 v1.5 Providing info/warning/error messages (HO)
)
Package pdftexcmds Info: \pdf@primitive is available.
Package pdftexcmds Info: \pdf@ifprimitive is available.
Package pdftexcmds Info: \pdfdraftmode not found.
)) (d:/Users/115381/AppData/Roaming/TinyTeX/texmf-dist/tex/latex/hycolor/hycolor.sty
Package: hycolor 2020-01-27 v1.10 Color options for hyperref/bookmark (HO)
) (d:/Users/115381/AppData/Roaming/TinyTeX/texmf-dist/tex/latex/auxhook/auxhook.sty
Package: auxhook 2019-12-17 v1.6 Hooks for auxiliary files (HO)
) (d:/Users/115381/AppData/Roaming/TinyTeX/texmf-dist/tex/latex/hyperref/nameref.sty
Package: nameref 2023-11-26 v2.56 Cross-referencing by name of section
(d:/Users/115381/AppData/Roaming/TinyTeX/texmf-dist/tex/latex/refcount/refcount.sty
Package: refcount 2019/12/15 v3.6 Data extraction from label references (HO)
) (d:/Users/115381/AppData/Roaming/TinyTeX/texmf-dist/tex/generic/gettitlestring/gettitlestring.sty
Package: gettitlestring 2019/12/15 v1.6 Cleanup title references (HO)
(d:/Users/115381/AppData/Roaming/TinyTeX/texmf-dist/tex/latex/kvoptions/kvoptions.sty
Package: kvoptions 2022-06-15 v3.15 Key value format for package options (HO)
))
\c@section@level=\count307
)
\@linkdim=\dimen186
\Hy@linkcounter=\count308
\Hy@pagecounter=\count309
(d:/Users/115381/AppData/Roaming/TinyTeX/texmf-dist/tex/latex/hyperref/pd1enc.def
File: pd1enc.def 2024-01-20 v7.01h Hyperref: PDFDocEncoding definition (HO)
) (d:/Users/115381/AppData/Roaming/TinyTeX/texmf-dist/tex/generic/intcalc/intcalc.sty
Package: intcalc 2019/12/15 v1.3 Expandable calculations with integers (HO)
)
\Hy@SavedSpaceFactor=\count310
(d:/Users/115381/AppData/Roaming/TinyTeX/texmf-dist/tex/latex/hyperref/puenc.def
File: puenc.def 2024-01-20 v7.01h Hyperref: PDF Unicode definition (HO)
)
Package hyperref Info: Option `unicode' set `true' on input line 4062.
Package hyperref Info: Hyper figures OFF on input line 4179.
Package hyperref Info: Link nesting OFF on input line 4184.
Package hyperref Info: Hyper index ON on input line 4187.
Package hyperref Info: Plain pages OFF on input line 4194.
Package hyperref Info: Backreferencing OFF on input line 4199.
Package hyperref Info: Implicit mode ON; LaTeX internals redefined.
Package hyperref Info: Bookmarks ON on input line 4446.
\c@Hy@tempcnt=\count311
(d:/Users/115381/AppData/Roaming/TinyTeX/texmf-dist/tex/latex/url/url.sty
\Urlmuskip=\muskip18
Package: url 2013/09/16  ver 3.4  Verb mode for urls, etc.
)
LaTeX Info: Redefining \url on input line 4784.
\XeTeXLinkMargin=\dimen187
(d:/Users/115381/AppData/Roaming/TinyTeX/texmf-dist/tex/generic/bitset/bitset.sty
Package: bitset 2019/12/09 v1.3 Handle bit-vector datatype (HO)
(d:/Users/115381/AppData/Roaming/TinyTeX/texmf-dist/tex/generic/bigintcalc/bigintcalc.sty
Package: bigintcalc 2019/12/15 v1.5 Expandable calculations on big integers (HO)
))
\Fld@menulength=\count312
\Field@Width=\dimen188
\Fld@charsize=\dimen189
Package hyperref Info: Hyper figures OFF on input line 6063.
Package hyperref Info: Link nesting OFF on input line 6068.
Package hyperref Info: Hyper index ON on input line 6071.
Package hyperref Info: backreferencing OFF on input line 6078.
Package hyperref Info: Link coloring OFF on input line 6083.
Package hyperref Info: Link coloring with OCG OFF on input line 6088.
Package hyperref Info: PDF/A mode OFF on input line 6093.
(d:/Users/115381/AppData/Roaming/TinyTeX/texmf-dist/tex/latex/base/atbegshi-ltx.sty
Package: atbegshi-ltx 2021/01/10 v1.0c Emulation of the original atbegshi
package with kernel methods
)
\Hy@abspage=\count313
\c@Item=\count314
\c@Hfootnote=\count315
)
Package hyperref Info: Driver (autodetected): hxetex.
(d:/Users/115381/AppData/Roaming/TinyTeX/texmf-dist/tex/latex/hyperref/hxetex.def
File: hxetex.def 2024-01-20 v7.01h Hyperref driver for XeTeX
(d:/Users/115381/AppData/Roaming/TinyTeX/texmf-dist/tex/generic/stringenc/stringenc.sty
Package: stringenc 2019/11/29 v1.12 Convert strings between diff. encodings (HO)
)
\pdfm@box=\box64
\c@Hy@AnnotLevel=\count316
\HyField@AnnotCount=\count317
\Fld@listcount=\count318
\c@bookmark@seq@number=\count319
(d:/Users/115381/AppData/Roaming/TinyTeX/texmf-dist/tex/latex/rerunfilecheck/rerunfilecheck.sty
Package: rerunfilecheck 2022-07-10 v1.10 Rerun checks for auxiliary files (HO)
(d:/Users/115381/AppData/Roaming/TinyTeX/texmf-dist/tex/latex/base/atveryend-ltx.sty
Package: atveryend-ltx 2020/08/19 v1.0a Emulation of the original atveryend package
with kernel methods
) (d:/Users/115381/AppData/Roaming/TinyTeX/texmf-dist/tex/generic/uniquecounter/uniquecounter.sty
Package: uniquecounter 2019/12/15 v1.4 Provide unlimited unique counter (HO)
)
Package uniquecounter Info: New unique counter `rerunfilecheck' on input line 285.
)
\Hy@SectionHShift=\skip66
)
Package hyperref Info: Option `colorlinks' set `true' on input line 154.
(d:/Users/115381/AppData/Roaming/TinyTeX/texmf-dist/tex/latex/fvextra/fvextra.sty
Package: fvextra 2023/11/28 v1.6.1 fvextra - extensions and patches for fancyvrb
(d:/Users/115381/AppData/Roaming/TinyTeX/texmf-dist/tex/latex/lineno/lineno.sty
Package: lineno 2023/05/20 line numbers on paragraphs v5.3
Invalid UTF-8 byte or sequence at line 292 replaced by U+FFFD.
\linenopenalty=\count320
\output=\toks26
\linenoprevgraf=\count321
\linenumbersep=\dimen190
\linenumberwidth=\dimen191
\c@linenumber=\count322
\c@pagewiselinenumber=\count323
\c@LN@truepage=\count324
\c@internallinenumber=\count325
\c@internallinenumbers=\count326
\quotelinenumbersep=\dimen192
\bframerule=\dimen193
\bframesep=\dimen194
\bframebox=\box65
\linenoamsmath@ams@eqpen=\count327
LaTeX Info: Redefining \\ on input line 3180.
)
\c@FancyVerbWriteLine=\count328
\c@FancyVerbBufferIndex=\count329
\c@FancyVerbBufferLength=\count330
\c@FancyVerbBufferLine=\count331
\c@FV@oldbufferlength=\count332
\c@FV@TrueTabGroupLevel=\count333
\c@FV@TrueTabCounter=\count334
\FV@TabBox@Group=\box66
\FV@TmpLength=\skip67
\c@FV@HighlightLinesStart=\count335
\c@FV@HighlightLinesStop=\count336
\FV@LoopCount=\count337
\FV@NCharsBox=\box67
\FV@BreakIndent=\dimen195
\FV@BreakIndentNChars=\count338
\FV@BreakSymbolSepLeft=\dimen196
\FV@BreakSymbolSepLeftNChars=\count339
\FV@BreakSymbolSepRight=\dimen197
\FV@BreakSymbolSepRightNChars=\count340
\FV@BreakSymbolIndentLeft=\dimen198
\FV@BreakSymbolIndentLeftNChars=\count341
\FV@BreakSymbolIndentRight=\dimen199
\FV@BreakSymbolIndentRightNChars=\count342
\c@FancyVerbLineBreakLast=\count343
\FV@LineBox=\box68
\FV@LineIndentBox=\box69
\c@FV@BreakBufferDepth=\count344
\FV@LineWidth=\dimen256
) (d:/Users/115381/AppData/Roaming/TinyTeX/texmf-dist/tex/latex/pgfplots/pgfplots.sty (d:/Users/115381/AppData/Roaming/TinyTeX/texmf-dist/tex/generic/pgfplots/pgfplots.revision.tex)
Package: pgfplots 2021/05/15 v1.18.1 Data Visualization (1.18.1)
(d:/Users/115381/AppData/Roaming/TinyTeX/texmf-dist/tex/latex/pgf/frontendlayer/tikz.sty (d:/Users/115381/AppData/Roaming/TinyTeX/texmf-dist/tex/latex/pgf/basiclayer/pgf.sty (d:/Users/115381/AppData/Roaming/TinyTeX/texmf-dist/tex/latex/pgf/utilities/pgfrcs.sty (d:/Users/115381/AppData/Roaming/TinyTeX/texmf-dist/tex/generic/pgf/utilities/pgfutil-common.tex
\pgfutil@everybye=\toks27
\pgfutil@tempdima=\dimen257
\pgfutil@tempdimb=\dimen258
) (d:/Users/115381/AppData/Roaming/TinyTeX/texmf-dist/tex/generic/pgf/utilities/pgfutil-latex.def
\pgfutil@abb=\box70
) (d:/Users/115381/AppData/Roaming/TinyTeX/texmf-dist/tex/generic/pgf/utilities/pgfrcs.code.tex (d:/Users/115381/AppData/Roaming/TinyTeX/texmf-dist/tex/generic/pgf/pgf.revision.tex)
Package: pgfrcs 2023-01-15 v3.1.10 (3.1.10)
))
Package: pgf 2023-01-15 v3.1.10 (3.1.10)
(d:/Users/115381/AppData/Roaming/TinyTeX/texmf-dist/tex/latex/pgf/basiclayer/pgfcore.sty (d:/Users/115381/AppData/Roaming/TinyTeX/texmf-dist/tex/latex/pgf/systemlayer/pgfsys.sty (d:/Users/115381/AppData/Roaming/TinyTeX/texmf-dist/tex/generic/pgf/systemlayer/pgfsys.code.tex
Package: pgfsys 2023-01-15 v3.1.10 (3.1.10)
(d:/Users/115381/AppData/Roaming/TinyTeX/texmf-dist/tex/generic/pgf/utilities/pgfkeys.code.tex
\pgfkeys@pathtoks=\toks28
\pgfkeys@temptoks=\toks29
(d:/Users/115381/AppData/Roaming/TinyTeX/texmf-dist/tex/generic/pgf/utilities/pgfkeyslibraryfiltered.code.tex
\pgfkeys@tmptoks=\toks30
))
\pgf@x=\dimen259
\pgf@y=\dimen260
\pgf@xa=\dimen261
\pgf@ya=\dimen262
\pgf@xb=\dimen263
\pgf@yb=\dimen264
\pgf@xc=\dimen265
\pgf@yc=\dimen266
\pgf@xd=\dimen267
\pgf@yd=\dimen268
\w@pgf@writea=\write4
\r@pgf@reada=\read3
\c@pgf@counta=\count345
\c@pgf@countb=\count346
\c@pgf@countc=\count347
\c@pgf@countd=\count348
\t@pgf@toka=\toks31
\t@pgf@tokb=\toks32
\t@pgf@tokc=\toks33
\pgf@sys@id@count=\count349
(d:/Users/115381/AppData/Roaming/TinyTeX/texmf-dist/tex/generic/pgf/systemlayer/pgf.cfg
File: pgf.cfg 2023-01-15 v3.1.10 (3.1.10)
)
Driver file for pgf: pgfsys-xetex.def
(d:/Users/115381/AppData/Roaming/TinyTeX/texmf-dist/tex/generic/pgf/systemlayer/pgfsys-xetex.def
File: pgfsys-xetex.def 2023-01-15 v3.1.10 (3.1.10)
(d:/Users/115381/AppData/Roaming/TinyTeX/texmf-dist/tex/generic/pgf/systemlayer/pgfsys-dvipdfmx.def
File: pgfsys-dvipdfmx.def 2023-01-15 v3.1.10 (3.1.10)
(d:/Users/115381/AppData/Roaming/TinyTeX/texmf-dist/tex/generic/pgf/systemlayer/pgfsys-common-pdf.def
File: pgfsys-common-pdf.def 2023-01-15 v3.1.10 (3.1.10)
)
\pgfsys@objnum=\count350
))) (d:/Users/115381/AppData/Roaming/TinyTeX/texmf-dist/tex/generic/pgf/systemlayer/pgfsyssoftpath.code.tex
File: pgfsyssoftpath.code.tex 2023-01-15 v3.1.10 (3.1.10)
\pgfsyssoftpath@smallbuffer@items=\count351
\pgfsyssoftpath@bigbuffer@items=\count352
) (d:/Users/115381/AppData/Roaming/TinyTeX/texmf-dist/tex/generic/pgf/systemlayer/pgfsysprotocol.code.tex
File: pgfsysprotocol.code.tex 2023-01-15 v3.1.10 (3.1.10)
)) (d:/Users/115381/AppData/Roaming/TinyTeX/texmf-dist/tex/generic/pgf/basiclayer/pgfcore.code.tex
Package: pgfcore 2023-01-15 v3.1.10 (3.1.10)
(d:/Users/115381/AppData/Roaming/TinyTeX/texmf-dist/tex/generic/pgf/math/pgfmath.code.tex (d:/Users/115381/AppData/Roaming/TinyTeX/texmf-dist/tex/generic/pgf/math/pgfmathutil.code.tex) (d:/Users/115381/AppData/Roaming/TinyTeX/texmf-dist/tex/generic/pgf/math/pgfmathparser.code.tex
\pgfmath@dimen=\dimen269
\pgfmath@count=\count353
\pgfmath@box=\box71
\pgfmath@toks=\toks34
\pgfmath@stack@operand=\toks35
\pgfmath@stack@operation=\toks36
) (d:/Users/115381/AppData/Roaming/TinyTeX/texmf-dist/tex/generic/pgf/math/pgfmathfunctions.code.tex) (d:/Users/115381/AppData/Roaming/TinyTeX/texmf-dist/tex/generic/pgf/math/pgfmathfunctions.basic.code.tex) (d:/Users/115381/AppData/Roaming/TinyTeX/texmf-dist/tex/generic/pgf/math/pgfmathfunctions.trigonometric.code.tex) (d:/Users/115381/AppData/Roaming/TinyTeX/texmf-dist/tex/generic/pgf/math/pgfmathfunctions.random.code.tex) (d:/Users/115381/AppData/Roaming/TinyTeX/texmf-dist/tex/generic/pgf/math/pgfmathfunctions.comparison.code.tex) (d:/Users/115381/AppData/Roaming/TinyTeX/texmf-dist/tex/generic/pgf/math/pgfmathfunctions.base.code.tex) (d:/Users/115381/AppData/Roaming/TinyTeX/texmf-dist/tex/generic/pgf/math/pgfmathfunctions.round.code.tex) (d:/Users/115381/AppData/Roaming/TinyTeX/texmf-dist/tex/generic/pgf/math/pgfmathfunctions.misc.code.tex) (d:/Users/115381/AppData/Roaming/TinyTeX/texmf-dist/tex/generic/pgf/math/pgfmathfunctions.integerarithmetics.code.tex) (d:/Users/115381/AppData/Roaming/TinyTeX/texmf-dist/tex/generic/pgf/math/pgfmathcalc.code.tex) (d:/Users/115381/AppData/Roaming/TinyTeX/texmf-dist/tex/generic/pgf/math/pgfmathfloat.code.tex
\c@pgfmathroundto@lastzeros=\count354
)) (d:/Users/115381/AppData/Roaming/TinyTeX/texmf-dist/tex/generic/pgf/math/pgfint.code.tex) (d:/Users/115381/AppData/Roaming/TinyTeX/texmf-dist/tex/generic/pgf/basiclayer/pgfcorepoints.code.tex
File: pgfcorepoints.code.tex 2023-01-15 v3.1.10 (3.1.10)
\pgf@picminx=\dimen270
\pgf@picmaxx=\dimen271
\pgf@picminy=\dimen272
\pgf@picmaxy=\dimen273
\pgf@pathminx=\dimen274
\pgf@pathmaxx=\dimen275
\pgf@pathminy=\dimen276
\pgf@pathmaxy=\dimen277
\pgf@xx=\dimen278
\pgf@xy=\dimen279
\pgf@yx=\dimen280
\pgf@yy=\dimen281
\pgf@zx=\dimen282
\pgf@zy=\dimen283
) (d:/Users/115381/AppData/Roaming/TinyTeX/texmf-dist/tex/generic/pgf/basiclayer/pgfcorepathconstruct.code.tex
File: pgfcorepathconstruct.code.tex 2023-01-15 v3.1.10 (3.1.10)
\pgf@path@lastx=\dimen284
\pgf@path@lasty=\dimen285
) (d:/Users/115381/AppData/Roaming/TinyTeX/texmf-dist/tex/generic/pgf/basiclayer/pgfcorepathusage.code.tex
File: pgfcorepathusage.code.tex 2023-01-15 v3.1.10 (3.1.10)
\pgf@shorten@end@additional=\dimen286
\pgf@shorten@start@additional=\dimen287
) (d:/Users/115381/AppData/Roaming/TinyTeX/texmf-dist/tex/generic/pgf/basiclayer/pgfcorescopes.code.tex
File: pgfcorescopes.code.tex 2023-01-15 v3.1.10 (3.1.10)
\pgfpic=\box72
\pgf@hbox=\box73
\pgf@layerbox@main=\box74
\pgf@picture@serial@count=\count355
) (d:/Users/115381/AppData/Roaming/TinyTeX/texmf-dist/tex/generic/pgf/basiclayer/pgfcoregraphicstate.code.tex
File: pgfcoregraphicstate.code.tex 2023-01-15 v3.1.10 (3.1.10)
\pgflinewidth=\dimen288
) (d:/Users/115381/AppData/Roaming/TinyTeX/texmf-dist/tex/generic/pgf/basiclayer/pgfcoretransformations.code.tex
File: pgfcoretransformations.code.tex 2023-01-15 v3.1.10 (3.1.10)
\pgf@pt@x=\dimen289
\pgf@pt@y=\dimen290
\pgf@pt@temp=\dimen291
) (d:/Users/115381/AppData/Roaming/TinyTeX/texmf-dist/tex/generic/pgf/basiclayer/pgfcorequick.code.tex
File: pgfcorequick.code.tex 2023-01-15 v3.1.10 (3.1.10)
) (d:/Users/115381/AppData/Roaming/TinyTeX/texmf-dist/tex/generic/pgf/basiclayer/pgfcoreobjects.code.tex
File: pgfcoreobjects.code.tex 2023-01-15 v3.1.10 (3.1.10)
) (d:/Users/115381/AppData/Roaming/TinyTeX/texmf-dist/tex/generic/pgf/basiclayer/pgfcorepathprocessing.code.tex
File: pgfcorepathprocessing.code.tex 2023-01-15 v3.1.10 (3.1.10)
) (d:/Users/115381/AppData/Roaming/TinyTeX/texmf-dist/tex/generic/pgf/basiclayer/pgfcorearrows.code.tex
File: pgfcorearrows.code.tex 2023-01-15 v3.1.10 (3.1.10)
\pgfarrowsep=\dimen292
) (d:/Users/115381/AppData/Roaming/TinyTeX/texmf-dist/tex/generic/pgf/basiclayer/pgfcoreshade.code.tex
File: pgfcoreshade.code.tex 2023-01-15 v3.1.10 (3.1.10)
\pgf@max=\dimen293
\pgf@sys@shading@range@num=\count356
\pgf@shadingcount=\count357
) (d:/Users/115381/AppData/Roaming/TinyTeX/texmf-dist/tex/generic/pgf/basiclayer/pgfcoreimage.code.tex
File: pgfcoreimage.code.tex 2023-01-15 v3.1.10 (3.1.10)
) (d:/Users/115381/AppData/Roaming/TinyTeX/texmf-dist/tex/generic/pgf/basiclayer/pgfcoreexternal.code.tex
File: pgfcoreexternal.code.tex 2023-01-15 v3.1.10 (3.1.10)
\pgfexternal@startupbox=\box75
) (d:/Users/115381/AppData/Roaming/TinyTeX/texmf-dist/tex/generic/pgf/basiclayer/pgfcorelayers.code.tex
File: pgfcorelayers.code.tex 2023-01-15 v3.1.10 (3.1.10)
) (d:/Users/115381/AppData/Roaming/TinyTeX/texmf-dist/tex/generic/pgf/basiclayer/pgfcoretransparency.code.tex
File: pgfcoretransparency.code.tex 2023-01-15 v3.1.10 (3.1.10)
) (d:/Users/115381/AppData/Roaming/TinyTeX/texmf-dist/tex/generic/pgf/basiclayer/pgfcorepatterns.code.tex
File: pgfcorepatterns.code.tex 2023-01-15 v3.1.10 (3.1.10)
) (d:/Users/115381/AppData/Roaming/TinyTeX/texmf-dist/tex/generic/pgf/basiclayer/pgfcorerdf.code.tex
File: pgfcorerdf.code.tex 2023-01-15 v3.1.10 (3.1.10)
))) (d:/Users/115381/AppData/Roaming/TinyTeX/texmf-dist/tex/generic/pgf/modules/pgfmoduleshapes.code.tex
File: pgfmoduleshapes.code.tex 2023-01-15 v3.1.10 (3.1.10)
\pgfnodeparttextbox=\box76
) (d:/Users/115381/AppData/Roaming/TinyTeX/texmf-dist/tex/generic/pgf/modules/pgfmoduleplot.code.tex
File: pgfmoduleplot.code.tex 2023-01-15 v3.1.10 (3.1.10)
) (d:/Users/115381/AppData/Roaming/TinyTeX/texmf-dist/tex/latex/pgf/compatibility/pgfcomp-version-0-65.sty
Package: pgfcomp-version-0-65 2023-01-15 v3.1.10 (3.1.10)
\pgf@nodesepstart=\dimen294
\pgf@nodesepend=\dimen295
) (d:/Users/115381/AppData/Roaming/TinyTeX/texmf-dist/tex/latex/pgf/compatibility/pgfcomp-version-1-18.sty
Package: pgfcomp-version-1-18 2023-01-15 v3.1.10 (3.1.10)
)) (d:/Users/115381/AppData/Roaming/TinyTeX/texmf-dist/tex/latex/pgf/utilities/pgffor.sty (d:/Users/115381/AppData/Roaming/TinyTeX/texmf-dist/tex/latex/pgf/utilities/pgfkeys.sty (d:/Users/115381/AppData/Roaming/TinyTeX/texmf-dist/tex/generic/pgf/utilities/pgfkeys.code.tex)) (d:/Users/115381/AppData/Roaming/TinyTeX/texmf-dist/tex/latex/pgf/math/pgfmath.sty (d:/Users/115381/AppData/Roaming/TinyTeX/texmf-dist/tex/generic/pgf/math/pgfmath.code.tex)) (d:/Users/115381/AppData/Roaming/TinyTeX/texmf-dist/tex/generic/pgf/utilities/pgffor.code.tex
Package: pgffor 2023-01-15 v3.1.10 (3.1.10)
\pgffor@iter=\dimen296
\pgffor@skip=\dimen297
\pgffor@stack=\toks37
\pgffor@toks=\toks38
)) (d:/Users/115381/AppData/Roaming/TinyTeX/texmf-dist/tex/generic/pgf/frontendlayer/tikz/tikz.code.tex
Package: tikz 2023-01-15 v3.1.10 (3.1.10)
(d:/Users/115381/AppData/Roaming/TinyTeX/texmf-dist/tex/generic/pgf/libraries/pgflibraryplothandlers.code.tex
File: pgflibraryplothandlers.code.tex 2023-01-15 v3.1.10 (3.1.10)
\pgf@plot@mark@count=\count358
\pgfplotmarksize=\dimen298
)
\tikz@lastx=\dimen299
\tikz@lasty=\dimen300
\tikz@lastxsaved=\dimen301
\tikz@lastysaved=\dimen302
\tikz@lastmovetox=\dimen303
\tikz@lastmovetoy=\dimen304
\tikzleveldistance=\dimen305
\tikzsiblingdistance=\dimen306
\tikz@figbox=\box77
\tikz@figbox@bg=\box78
\tikz@tempbox=\box79
\tikz@tempbox@bg=\box80
\tikztreelevel=\count359
\tikznumberofchildren=\count360
\tikznumberofcurrentchild=\count361
\tikz@fig@count=\count362
(d:/Users/115381/AppData/Roaming/TinyTeX/texmf-dist/tex/generic/pgf/modules/pgfmodulematrix.code.tex
File: pgfmodulematrix.code.tex 2023-01-15 v3.1.10 (3.1.10)
\pgfmatrixcurrentrow=\count363
\pgfmatrixcurrentcolumn=\count364
\pgf@matrix@numberofcolumns=\count365
)
\tikz@expandcount=\count366
(d:/Users/115381/AppData/Roaming/TinyTeX/texmf-dist/tex/generic/pgf/frontendlayer/tikz/libraries/tikzlibrarytopaths.code.tex
File: tikzlibrarytopaths.code.tex 2023-01-15 v3.1.10 (3.1.10)
))) (d:/Users/115381/AppData/Roaming/TinyTeX/texmf-dist/tex/generic/pgfplots/pgfplots.code.tex (d:/Users/115381/AppData/Roaming/TinyTeX/texmf-dist/tex/generic/pgfplots/pgfplotscore.code.tex
\t@pgfplots@toka=\toks39
\t@pgfplots@tokb=\toks40
\t@pgfplots@tokc=\toks41
\pgfplots@tmpa=\dimen307
\c@pgfplots@coordindex=\count367
\c@pgfplots@scanlineindex=\count368
(d:/Users/115381/AppData/Roaming/TinyTeX/texmf-dist/tex/generic/pgfplots/sys/pgfplotssysgeneric.code.tex)) (d:/Users/115381/AppData/Roaming/TinyTeX/texmf-dist/tex/generic/pgfplots/libs/pgfplotslibrary.code.tex) (d:/Users/115381/AppData/Roaming/TinyTeX/texmf-dist/tex/generic/pgfplots/oldpgfcompatib/pgfplotsoldpgfsupp_loader.code.tex (d:/Users/115381/AppData/Roaming/TinyTeX/texmf-dist/tex/generic/pgf/libraries/pgflibraryfpu.code.tex)
Package pgfplots: loading complementary utilities for your pgf version...
\t@pgf@toka=\toks42
\t@pgf@tokb=\toks43
\t@pgf@tokc=\toks44
(d:/Users/115381/AppData/Roaming/TinyTeX/texmf-dist/tex/generic/pgfplots/oldpgfcompatib/pgfplotsoldpgfsupp_pgfutil-common-lists.tex)) (d:/Users/115381/AppData/Roaming/TinyTeX/texmf-dist/tex/generic/pgfplots/util/pgfplotsutil.code.tex (d:/Users/115381/AppData/Roaming/TinyTeX/texmf-dist/tex/generic/pgfplots/liststructure/pgfplotsliststructure.code.tex) (d:/Users/115381/AppData/Roaming/TinyTeX/texmf-dist/tex/generic/pgfplots/liststructure/pgfplotsliststructureext.code.tex) (d:/Users/115381/AppData/Roaming/TinyTeX/texmf-dist/tex/generic/pgfplots/liststructure/pgfplotsarray.code.tex
\c@pgfplotsarray@tmp=\count369
) (d:/Users/115381/AppData/Roaming/TinyTeX/texmf-dist/tex/generic/pgfplots/liststructure/pgfplotsmatrix.code.tex) (d:/Users/115381/AppData/Roaming/TinyTeX/texmf-dist/tex/generic/pgfplots/numtable/pgfplotstableshared.code.tex
\c@pgfplotstable@counta=\count370
\t@pgfplotstable@a=\toks45
) (d:/Users/115381/AppData/Roaming/TinyTeX/texmf-dist/tex/generic/pgfplots/liststructure/pgfplotsdeque.code.tex) (d:/Users/115381/AppData/Roaming/TinyTeX/texmf-dist/tex/generic/pgfplots/util/pgfplotsbinary.code.tex (d:/Users/115381/AppData/Roaming/TinyTeX/texmf-dist/tex/generic/pgfplots/util/pgfplotsbinary.data.code.tex)) (d:/Users/115381/AppData/Roaming/TinyTeX/texmf-dist/tex/generic/pgfplots/util/pgfplotsutil.verb.code.tex) (d:/Users/115381/AppData/Roaming/TinyTeX/texmf-dist/tex/generic/pgfplots/libs/pgflibrarypgfplots.surfshading.code.tex
\c@pgfplotslibrarysurf@no=\count371
(d:/Users/115381/AppData/Roaming/TinyTeX/texmf-dist/tex/generic/pgfplots/sys/pgflibrarypgfplots.surfshading.pgfsys-xetex.def (d:/Users/115381/AppData/Roaming/TinyTeX/texmf-dist/tex/generic/pgfplots/sys/pgflibrarypgfplots.surfshading.pgfsys-dvipdfmx.def
\c@pgfplotslibrarysurf@streamlen=\count372
)))) (d:/Users/115381/AppData/Roaming/TinyTeX/texmf-dist/tex/generic/pgfplots/util/pgfplotscolormap.code.tex (d:/Users/115381/AppData/Roaming/TinyTeX/texmf-dist/tex/generic/pgfplots/util/pgfplotscolor.code.tex)) (d:/Users/115381/AppData/Roaming/TinyTeX/texmf-dist/tex/generic/pgfplots/pgfplotsstackedplots.code.tex) (d:/Users/115381/AppData/Roaming/TinyTeX/texmf-dist/tex/generic/pgfplots/pgfplotsplothandlers.code.tex (d:/Users/115381/AppData/Roaming/TinyTeX/texmf-dist/tex/generic/pgfplots/pgfplotsmeshplothandler.code.tex (d:/Users/115381/AppData/Roaming/TinyTeX/texmf-dist/tex/generic/pgfplots/pgfplotsmeshplotimage.code.tex))) (d:/Users/115381/AppData/Roaming/TinyTeX/texmf-dist/tex/generic/pgfplots/pgfplots.scaling.code.tex) (d:/Users/115381/AppData/Roaming/TinyTeX/texmf-dist/tex/generic/pgfplots/pgfplotscoordprocessing.code.tex) (d:/Users/115381/AppData/Roaming/TinyTeX/texmf-dist/tex/generic/pgfplots/pgfplots.errorbars.code.tex) (d:/Users/115381/AppData/Roaming/TinyTeX/texmf-dist/tex/generic/pgfplots/pgfplots.markers.code.tex) (d:/Users/115381/AppData/Roaming/TinyTeX/texmf-dist/tex/generic/pgfplots/pgfplotsticks.code.tex) (d:/Users/115381/AppData/Roaming/TinyTeX/texmf-dist/tex/generic/pgfplots/pgfplots.paths.code.tex) (d:/Users/115381/AppData/Roaming/TinyTeX/texmf-dist/tex/generic/pgf/frontendlayer/tikz/libraries/tikzlibrarydecorations.code.tex (d:/Users/115381/AppData/Roaming/TinyTeX/texmf-dist/tex/generic/pgf/modules/pgfmoduledecorations.code.tex
\pgfdecoratedcompleteddistance=\dimen308
\pgfdecoratedremainingdistance=\dimen309
\pgfdecoratedinputsegmentcompleteddistance=\dimen310
\pgfdecoratedinputsegmentremainingdistance=\dimen311
\pgf@decorate@distancetomove=\dimen312
\pgf@decorate@repeatstate=\count373
\pgfdecorationsegmentamplitude=\dimen313
\pgfdecorationsegmentlength=\dimen314
)
\tikz@lib@dec@box=\box81
) (d:/Users/115381/AppData/Roaming/TinyTeX/texmf-dist/tex/generic/pgf/frontendlayer/tikz/libraries/tikzlibrarydecorations.pathmorphing.code.tex (d:/Users/115381/AppData/Roaming/TinyTeX/texmf-dist/tex/generic/pgf/libraries/decorations/pgflibrarydecorations.pathmorphing.code.tex)) (d:/Users/115381/AppData/Roaming/TinyTeX/texmf-dist/tex/generic/pgf/frontendlayer/tikz/libraries/tikzlibrarydecorations.pathreplacing.code.tex (d:/Users/115381/AppData/Roaming/TinyTeX/texmf-dist/tex/generic/pgf/libraries/decorations/pgflibrarydecorations.pathreplacing.code.tex)) (d:/Users/115381/AppData/Roaming/TinyTeX/texmf-dist/tex/generic/pgfplots/libs/tikzlibrarypgfplots.contourlua.code.tex)
\pgfplots@numplots=\count374
\pgfplots@xmin@reg=\dimen315
\pgfplots@xmax@reg=\dimen316
\pgfplots@ymin@reg=\dimen317
\pgfplots@ymax@reg=\dimen318
\pgfplots@zmin@reg=\dimen319
\pgfplots@zmax@reg=\dimen320
) (d:/Users/115381/AppData/Roaming/TinyTeX/texmf-dist/tex/generic/pgf/frontendlayer/tikz/libraries/tikzlibraryplotmarks.code.tex
File: tikzlibraryplotmarks.code.tex 2023-01-15 v3.1.10 (3.1.10)
(d:/Users/115381/AppData/Roaming/TinyTeX/texmf-dist/tex/generic/pgf/libraries/pgflibraryplotmarks.code.tex
File: pgflibraryplotmarks.code.tex 2023-01-15 v3.1.10 (3.1.10)
))) (d:/Users/115381/AppData/Roaming/TinyTeX/texmf-dist/tex/latex/jknapltx/mathrsfs.sty
Package: mathrsfs 1996/01/01 Math RSFS package v1.0 (jk)
\symrsfs=\mathgroup6
) (d:/Users/115381/AppData/Roaming/TinyTeX/texmf-dist/tex/generic/pgf/frontendlayer/tikz/libraries/tikzlibraryarrows.code.tex
File: tikzlibraryarrows.code.tex 2023-01-15 v3.1.10 (3.1.10)
(d:/Users/115381/AppData/Roaming/TinyTeX/texmf-dist/tex/generic/pgf/libraries/pgflibraryarrows.code.tex
File: pgflibraryarrows.code.tex 2023-01-15 v3.1.10 (3.1.10)
\arrowsize=\dimen321
)) (d:/Users/115381/AppData/Roaming/TinyTeX/texmf-dist/tex/generic/xypic/xy.sty (d:/Users/115381/AppData/Roaming/TinyTeX/texmf-dist/tex/generic/xypic/xy.tex Bootstrap'ing: catcodes, docmode, (d:/Users/115381/AppData/Roaming/TinyTeX/texmf-dist/tex/generic/xypic/xyrecat.tex) (d:/Users/115381/AppData/Roaming/TinyTeX/texmf-dist/tex/generic/xypic/xyidioms.tex)

 Xy-pic version 3.8.9 <2013/10/06>
 Copyright (c) 1991-2013 by Kristoffer H. Rose <krisrose@tug.org> and others
 Xy-pic is free software: see the User's Guide for details.

Loading kernel: messages; fonts; allocations: state,
\X@c=\dimen322
\Y@c=\dimen323
\U@c=\dimen324
\D@c=\dimen325
\L@c=\dimen326
\R@c=\dimen327
\Edge@c=\toks46
\X@p=\dimen328
\Y@p=\dimen329
\U@p=\dimen330
\D@p=\dimen331
\L@p=\dimen332
\R@p=\dimen333
\Edge@p=\toks47
\X@origin=\dimen334
\Y@origin=\dimen335
\X@xbase=\dimen336
\Y@xbase=\dimen337
\X@ybase=\dimen338
\Y@ybase=\dimen339
\X@min=\dimen340
\Y@min=\dimen341
\X@max=\dimen342
\Y@max=\dimen343
\lastobjectbox@=\box82
\zerodotbox@=\box83
\almostz@=\dimen344
direction,
\d@X=\dimen345
\d@Y=\dimen346
\K@=\count375
\KK@=\count376
\Direction=\count377
\K@dXdY=\dimen347
\K@dYdX=\dimen348
\xyread@=\read4
\xywrite@=\write5
\csp@=\count378
\quotPTK@=\dimen349
utility macros; pictures: \xy, positions,
\swaptoks@@=\toks48
\connectobjectbox@@=\box84
objects,
\styletoks@=\toks49
decorations; kernel objects: directionals, circles, text; options; algorithms: directions, edges, connections;  Xy-pic loaded) (d:/Users/115381/AppData/Roaming/TinyTeX/texmf-dist/tex/generic/iftex/ifpdf.sty
Package: ifpdf 2019/10/25 v3.4 ifpdf legacy package. Use iftex instead.
)
Package: xy 2013/10/06 Xy-pic version 3.8.9
(d:/Users/115381/AppData/Roaming/TinyTeX/texmf-dist/tex/generic/xypic/xyall.tex  Xy-pic option: All features v.3.8 (d:/Users/115381/AppData/Roaming/TinyTeX/texmf-dist/tex/generic/xypic/xycurve.tex  Xy-pic option: Curve and Spline extension v.3.12 curve,
\crv@cnt@=\count379
\crvpts@=\toks50
\splinebox@=\box85
\splineval@=\dimen350
\splinedepth@=\dimen351
\splinetol@=\dimen352
\splinelength@=\dimen353
circles,
\L@=\dimen354
loaded) (d:/Users/115381/AppData/Roaming/TinyTeX/texmf-dist/tex/generic/xypic/xyframe.tex  Xy-pic option: Frame and Bracket extension v.3.14 loaded) (d:/Users/115381/AppData/Roaming/TinyTeX/texmf-dist/tex/generic/xypic/xycmtip.tex  Xy-pic option: Computer Modern tip extension v.3.7 (d:/Users/115381/AppData/Roaming/TinyTeX/texmf-dist/tex/generic/xypic/xytips.tex  Xy-pic option: More Tips extension v.3.11 loaded) loaded) (d:/Users/115381/AppData/Roaming/TinyTeX/texmf-dist/tex/generic/xypic/xyline.tex  Xy-pic option: Line styles extension v.3.10
\xylinethick@=\dimen355
loaded) (d:/Users/115381/AppData/Roaming/TinyTeX/texmf-dist/tex/generic/xypic/xyrotate.tex  Xy-pic option: Rotate and Scale extension v.3.8 loaded) (d:/Users/115381/AppData/Roaming/TinyTeX/texmf-dist/tex/generic/xypic/xycolor.tex  Xy-pic option: Colour extension v.3.11 loaded) (d:/Users/115381/AppData/Roaming/TinyTeX/texmf-dist/tex/generic/xypic/xymatrix.tex  Xy-pic option: Matrix feature v.3.14
\Row=\count380
\Col=\count381
\queue@=\toks51
\queue@@=\toks52
\qcount@=\count382
\qcount@@=\count383
\matrixsize@=\count384
loaded) (d:/Users/115381/AppData/Roaming/TinyTeX/texmf-dist/tex/generic/xypic/xyarrow.tex  Xy-pic option: Arrow and Path feature v.3.9 path, \ar, loaded) (d:/Users/115381/AppData/Roaming/TinyTeX/texmf-dist/tex/generic/xypic/xygraph.tex  Xy-pic option: Graph feature v.3.11 loaded) loaded)) (d:/Users/115381/AppData/Roaming/TinyTeX/texmf-dist/tex/latex/enumitem/enumitem.sty
Package: enumitem 2019/06/20 v3.9 Customized lists
\labelindent=\skip68
\enit@outerparindent=\dimen356
\enit@toks=\toks53
\enit@inbox=\box86
\enit@count@id=\count385
\enitdp@description=\count386
)
\c@enumv=\count387
\c@enumvi=\count388
\c@enumvii=\count389
\c@enumviii=\count390
\c@enumix=\count391
\c@enumx=\count392
\c@enumxi=\count393
\c@enumxii=\count394
\c@enumxiii=\count395
\c@enumxiv=\count396
\c@enumxv=\count397
\c@enumxvi=\count398
\c@enumxvii=\count399
\c@enumxviii=\count400
\c@enumxix=\count401
\c@enumxx=\count402
Package hyperref Info: Option `colorlinks' set `true' on input line 201.
(d:/Users/115381/AppData/Roaming/TinyTeX/texmf-dist/tex/latex/amscls/amsthm.sty
Package: amsthm 2020/05/29 v2.20.6
\thm@style=\toks54
\thm@bodyfont=\toks55
\thm@headfont=\toks56
\thm@notefont=\toks57
\thm@headpunct=\toks58
\thm@preskip=\skip69
\thm@postskip=\skip70
\thm@headsep=\skip71
\dth@everypar=\toks59
)
\c@theorem=\count403
\c@lemma=\count404
\c@corollary=\count405
\c@proposition=\count406
\c@conjecture=\count407
\c@definition=\count408
\c@example=\count409
\c@exercise=\count410
\c@hypothesis=\count411
(./math.aux

LaTeX Warning: Label `def:equivalence-relation' multiply defined.

)
\openout1 = `math.aux'.

LaTeX Font Info:    Checking defaults for OML/cmm/m/it on input line 224.
LaTeX Font Info:    ... okay on input line 224.
LaTeX Font Info:    Checking defaults for OMS/cmsy/m/n on input line 224.
LaTeX Font Info:    ... okay on input line 224.
LaTeX Font Info:    Checking defaults for OT1/cmr/m/n on input line 224.
LaTeX Font Info:    ... okay on input line 224.
LaTeX Font Info:    Checking defaults for T1/cmr/m/n on input line 224.
LaTeX Font Info:    ... okay on input line 224.
LaTeX Font Info:    Checking defaults for TS1/cmr/m/n on input line 224.
LaTeX Font Info:    ... okay on input line 224.
LaTeX Font Info:    Checking defaults for TU/lmr/m/n on input line 224.
LaTeX Font Info:    ... okay on input line 224.
LaTeX Font Info:    Checking defaults for OMX/cmex/m/n on input line 224.
LaTeX Font Info:    ... okay on input line 224.
LaTeX Font Info:    Checking defaults for U/cmr/m/n on input line 224.
LaTeX Font Info:    ... okay on input line 224.
LaTeX Font Info:    Checking defaults for C00/song/m/n on input line 224.
LaTeX Font Info:    ... okay on input line 224.
LaTeX Font Info:    Checking defaults for C05/song/m/n on input line 224.
LaTeX Font Info:    ... okay on input line 224.
LaTeX Font Info:    Checking defaults for C09/song/m/n on input line 224.
LaTeX Font Info:    ... okay on input line 224.
LaTeX Font Info:    Checking defaults for C10/song/m/n on input line 224.
LaTeX Font Info:    ... okay on input line 224.
LaTeX Font Info:    Checking defaults for C20/song/m/n on input line 224.
LaTeX Font Info:    ... okay on input line 224.
LaTeX Font Info:    Checking defaults for C19/song/m/n on input line 224.
LaTeX Font Info:    ... okay on input line 224.
LaTeX Font Info:    Checking defaults for C40/song/m/n on input line 224.
LaTeX Font Info:    ... okay on input line 224.
LaTeX Font Info:    Checking defaults for C42/song/m/n on input line 224.
LaTeX Font Info:    ... okay on input line 224.
LaTeX Font Info:    Checking defaults for C43/song/m/n on input line 224.
LaTeX Font Info:    ... okay on input line 224.
LaTeX Font Info:    Checking defaults for C50/song/m/n on input line 224.
LaTeX Font Info:    ... okay on input line 224.
LaTeX Font Info:    Checking defaults for C52/song/m/n on input line 224.
LaTeX Font Info:    ... okay on input line 224.
LaTeX Font Info:    Checking defaults for C49/song/m/n on input line 224.
LaTeX Font Info:    ... okay on input line 224.
LaTeX Font Info:    Checking defaults for C60/mj/m/n on input line 224.
LaTeX Font Info:    ... okay on input line 224.
LaTeX Font Info:    Checking defaults for C61/mj/m/n on input line 224.
LaTeX Font Info:    ... okay on input line 224.
LaTeX Font Info:    Checking defaults for C63/mj/m/n on input line 224.
LaTeX Font Info:    ... okay on input line 224.
LaTeX Font Info:    Checking defaults for C64/mj/m/n on input line 224.
LaTeX Font Info:    ... okay on input line 224.
LaTeX Font Info:    Checking defaults for C65/mj/m/n on input line 224.
LaTeX Font Info:    ... okay on input line 224.
LaTeX Font Info:    Checking defaults for C70/song/m/n on input line 224.
LaTeX Font Info:    ... okay on input line 224.
LaTeX Font Info:    Checking defaults for C31/song/m/n on input line 224.
LaTeX Font Info:    ... okay on input line 224.
LaTeX Font Info:    Checking defaults for C32/song/m/n on input line 224.
LaTeX Font Info:    ... okay on input line 224.
LaTeX Font Info:    Checking defaults for C33/song/m/n on input line 224.
LaTeX Font Info:    ... okay on input line 224.
LaTeX Font Info:    Checking defaults for C34/song/m/n on input line 224.
LaTeX Font Info:    ... okay on input line 224.
LaTeX Font Info:    Checking defaults for C35/song/m/n on input line 224.
LaTeX Font Info:    ... okay on input line 224.
LaTeX Font Info:    Checking defaults for C36/song/m/n on input line 224.
LaTeX Font Info:    ... okay on input line 224.
LaTeX Font Info:    Checking defaults for C37/song/m/n on input line 224.
LaTeX Font Info:    ... okay on input line 224.
LaTeX Font Info:    Checking defaults for C80/song/m/n on input line 224.
LaTeX Font Info:    ... okay on input line 224.
LaTeX Font Info:    Checking defaults for C81/song/m/n on input line 224.
LaTeX Font Info:    ... okay on input line 224.
LaTeX Font Info:    Checking defaults for C01/song/m/n on input line 224.
LaTeX Font Info:    ... okay on input line 224.
LaTeX Font Info:    Checking defaults for C11/song/m/n on input line 224.
LaTeX Font Info:    ... okay on input line 224.
LaTeX Font Info:    Checking defaults for C21/song/m/n on input line 224.
LaTeX Font Info:    ... okay on input line 224.
LaTeX Font Info:    Checking defaults for C41/song/m/n on input line 224.
LaTeX Font Info:    ... okay on input line 224.
LaTeX Font Info:    Checking defaults for C62/song/m/n on input line 224.
LaTeX Font Info:    ... okay on input line 224.
LaTeX Font Info:    Checking defaults for PD1/pdf/m/n on input line 224.
LaTeX Font Info:    ... okay on input line 224.
LaTeX Font Info:    Checking defaults for PU/pdf/m/n on input line 224.
LaTeX Font Info:    ... okay on input line 224.
LaTeX Font Info:    Overwriting math alphabet `\mathrm' in version `normal'
(Font)                  OT1/lmr/m/n --> TU/lmr/m/n on input line 224.
LaTeX Font Info:    Overwriting math alphabet `\mathit' in version `normal'
(Font)                  OT1/lmr/m/it --> TU/lmr/m/it on input line 224.
LaTeX Font Info:    Overwriting math alphabet `\mathbf' in version `normal'
(Font)                  OT1/lmr/bx/n --> TU/lmr/bx/n on input line 224.
LaTeX Font Info:    Overwriting math alphabet `\mathsf' in version `normal'
(Font)                  OT1/lmss/m/n --> TU/lmss/m/n on input line 224.
LaTeX Font Info:    Overwriting math alphabet `\mathsf' in version `bold'
(Font)                  OT1/lmss/bx/n --> TU/lmss/bx/n on input line 224.
LaTeX Font Info:    Overwriting math alphabet `\mathtt' in version `normal'
(Font)                  OT1/lmtt/m/n --> TU/lmtt/m/n on input line 224.
LaTeX Font Info:    Overwriting math alphabet `\mathtt' in version `bold'
(Font)                  OT1/lmtt/m/n --> TU/lmtt/bx/n on input line 224.

Package fontspec Info: latinmodern-math scale = 0.9999964596882403.


Package fontspec Info: latinmodern-math scale = 0.9999964596882403.


Package fontspec Info: latinmodern-math scale = 0.9999964596882403.


Package fontspec Info: Font family 'latinmodern-math.otf(0)' created for font
(fontspec)             'latinmodern-math.otf' with options
(fontspec)             [Scale=MatchLowercase,BoldItalicFont={},ItalicFont={},SmallCapsFont={},Script=Math,BoldFont={latinmodern-math.otf}].
(fontspec)              
(fontspec)              This font family consists of the following NFSS
(fontspec)             series/shapes:
(fontspec)              
(fontspec)             - 'normal' (m/n) with NFSS spec.:
(fontspec)             <->s*[0.9999964596882403]"[latinmodern-math.otf]/OT:script=math;language=dflt;"
(fontspec)             - 'small caps'  (m/sc) with NFSS spec.: 
(fontspec)             - 'bold' (b/n) with NFSS spec.:
(fontspec)             <->s*[0.9999964596882403]"[latinmodern-math.otf]/OT:script=math;language=dflt;"
(fontspec)             - 'bold small caps'  (b/sc) with NFSS spec.: 

LaTeX Font Info:    Font shape `TU/latinmodern-math.otf(0)/m/n' will be
(Font)              scaled to size 10.0pt on input line 224.

Package fontspec Info: latinmodern-math scale = 0.9999964596882403.


Package fontspec Info: latinmodern-math scale = 0.9999964596882403.


Package fontspec Info: latinmodern-math scale = 0.9999964596882403.


Package fontspec Info: latinmodern-math scale = 0.9999964596882403.


Package fontspec Info: latinmodern-math scale = 0.9999964596882403.


Package fontspec Info: Font family 'latinmodern-math.otf(1)' created for font
(fontspec)             'latinmodern-math.otf' with options
(fontspec)             [Scale=MatchLowercase,BoldItalicFont={},ItalicFont={},SmallCapsFont={},Script=Math,SizeFeatures={{Size=8.5-},{Size=6-8.5,Font=latinmodern-math.otf,Style=MathScript},{Size=-6,Font=latinmodern-math.otf,Style=MathScriptScript}},BoldFont={latinmodern-math.otf}].
(fontspec)              
(fontspec)              This font family consists of the following NFSS
(fontspec)             series/shapes:
(fontspec)              
(fontspec)             - 'normal' (m/n) with NFSS spec.:
(fontspec)             <8.5->s*[0.9999964596882403]"[latinmodern-math.otf]/OT:script=math;language=dflt;"<6-8.5>s*[0.9999964596882403]"[latinmodern-math.otf]/OT:script=math;language=dflt;+ssty=0;"<-6>s*[0.9999964596882403]"[latinmodern-math.otf]/OT:script=math;language=dflt;+ssty=1;"
(fontspec)             - 'small caps'  (m/sc) with NFSS spec.: 
(fontspec)             - 'bold' (b/n) with NFSS spec.:
(fontspec)             <->s*[0.9999964596882403]"[latinmodern-math.otf]/OT:script=math;language=dflt;"
(fontspec)             - 'bold small caps'  (b/sc) with NFSS spec.: 

LaTeX Font Info:    Font shape `TU/latinmodern-math.otf(1)/m/n' will be
(Font)              scaled to size 10.0pt on input line 224.
LaTeX Font Info:    Encoding `OT1' has changed to `TU' for symbol font
(Font)              `operators' in the math version `normal' on input line 224.
LaTeX Font Info:    Overwriting symbol font `operators' in version `normal'
(Font)                  OT1/lmr/m/n --> TU/latinmodern-math.otf(1)/m/n on input line 224.
LaTeX Font Info:    Encoding `OT1' has changed to `TU' for symbol font
(Font)              `operators' in the math version `bold' on input line 224.
LaTeX Font Info:    Overwriting symbol font `operators' in version `bold'
(Font)                  OT1/lmr/bx/n --> TU/latinmodern-math.otf(1)/b/n on input line 224.

Package fontspec Info: latinmodern-math scale = 0.9999964596882403.


Package fontspec Info: latinmodern-math scale = 1.000096459334209.


Package fontspec Info: latinmodern-math scale = 0.9999964596882403.


Package fontspec Info: latinmodern-math scale = 1.000096459334209.


Package fontspec Info: latinmodern-math scale = 0.9999964596882403.


Package fontspec Info: latinmodern-math scale = 1.000096459334209.


Package fontspec Info: latinmodern-math scale = 0.9999964596882403.


Package fontspec Info: latinmodern-math scale = 1.000096459334209.


Package fontspec Info: latinmodern-math scale = 0.9999964596882403.


Package fontspec Info: latinmodern-math scale = 1.000096459334209.


Package fontspec Info: Font family 'latinmodern-math.otf(2)' created for font
(fontspec)             'latinmodern-math.otf' with options
(fontspec)             [Scale=MatchLowercase,BoldItalicFont={},ItalicFont={},SmallCapsFont={},Script=Math,SizeFeatures={{Size=8.5-},{Size=6-8.5,Font=latinmodern-math.otf,Style=MathScript},{Size=-6,Font=latinmodern-math.otf,Style=MathScriptScript}},BoldFont={latinmodern-math.otf},ScaleAgain=1.0001,FontAdjustment={\fontdimen
(fontspec)             8\font =6.77pt\relax \fontdimen 9\font =3.94pt\relax
(fontspec)             \fontdimen 10\font =4.44pt\relax \fontdimen 11\font
(fontspec)             =6.86pt\relax \fontdimen 12\font =3.45pt\relax
(fontspec)             \fontdimen 13\font =3.63pt\relax \fontdimen 14\font
(fontspec)             =3.63pt\relax \fontdimen 15\font =2.89pt\relax
(fontspec)             \fontdimen 16\font =2.47pt\relax \fontdimen 17\font
(fontspec)             =2.47pt\relax \fontdimen 18\font =2.5pt\relax
(fontspec)             \fontdimen 19\font =2.0pt\relax \fontdimen 22\font
(fontspec)             =2.5pt\relax \fontdimen 20\font =0pt\relax \fontdimen
(fontspec)             21\font =0pt\relax }].
(fontspec)              
(fontspec)              This font family consists of the following NFSS
(fontspec)             series/shapes:
(fontspec)              
(fontspec)             - 'normal' (m/n) with NFSS spec.:
(fontspec)             <8.5->s*[1.000096459334209]"[latinmodern-math.otf]/OT:script=math;language=dflt;"<6-8.5>s*[1.000096459334209]"[latinmodern-math.otf]/OT:script=math;language=dflt;+ssty=0;"<-6>s*[1.000096459334209]"[latinmodern-math.otf]/OT:script=math;language=dflt;+ssty=1;"
(fontspec)             - 'small caps'  (m/sc) with NFSS spec.: 
(fontspec)             and font adjustment code:
(fontspec)             \fontdimen 8\font =6.77pt\relax \fontdimen 9\font
(fontspec)             =3.94pt\relax \fontdimen 10\font =4.44pt\relax
(fontspec)             \fontdimen 11\font =6.86pt\relax \fontdimen 12\font
(fontspec)             =3.45pt\relax \fontdimen 13\font =3.63pt\relax
(fontspec)             \fontdimen 14\font =3.63pt\relax \fontdimen 15\font
(fontspec)             =2.89pt\relax \fontdimen 16\font =2.47pt\relax
(fontspec)             \fontdimen 17\font =2.47pt\relax \fontdimen 18\font
(fontspec)             =2.5pt\relax \fontdimen 19\font =2.0pt\relax \fontdimen
(fontspec)             22\font =2.5pt\relax \fontdimen 20\font =0pt\relax
(fontspec)             \fontdimen 21\font =0pt\relax 
(fontspec)             - 'bold' (b/n) with NFSS spec.:
(fontspec)             <->s*[1.000096459334209]"[latinmodern-math.otf]/OT:script=math;language=dflt;"
(fontspec)             - 'bold small caps'  (b/sc) with NFSS spec.: 
(fontspec)             and font adjustment code:
(fontspec)             \fontdimen 8\font =6.77pt\relax \fontdimen 9\font
(fontspec)             =3.94pt\relax \fontdimen 10\font =4.44pt\relax
(fontspec)             \fontdimen 11\font =6.86pt\relax \fontdimen 12\font
(fontspec)             =3.45pt\relax \fontdimen 13\font =3.63pt\relax
(fontspec)             \fontdimen 14\font =3.63pt\relax \fontdimen 15\font
(fontspec)             =2.89pt\relax \fontdimen 16\font =2.47pt\relax
(fontspec)             \fontdimen 17\font =2.47pt\relax \fontdimen 18\font
(fontspec)             =2.5pt\relax \fontdimen 19\font =2.0pt\relax \fontdimen
(fontspec)             22\font =2.5pt\relax \fontdimen 20\font =0pt\relax
(fontspec)             \fontdimen 21\font =0pt\relax 

LaTeX Font Info:    Encoding `OMS' has changed to `TU' for symbol font
(Font)              `symbols' in the math version `normal' on input line 224.
LaTeX Font Info:    Overwriting symbol font `symbols' in version `normal'
(Font)                  OMS/lmsy/m/n --> TU/latinmodern-math.otf(2)/m/n on input line 224.
LaTeX Font Info:    Encoding `OMS' has changed to `TU' for symbol font
(Font)              `symbols' in the math version `bold' on input line 224.
LaTeX Font Info:    Overwriting symbol font `symbols' in version `bold'
(Font)                  OMS/lmsy/b/n --> TU/latinmodern-math.otf(2)/b/n on input line 224.

Package fontspec Info: latinmodern-math scale = 0.9999964596882403.


Package fontspec Info: latinmodern-math scale = 0.9998964600422715.


Package fontspec Info: latinmodern-math scale = 0.9999964596882403.


Package fontspec Info: latinmodern-math scale = 0.9998964600422715.


Package fontspec Info: latinmodern-math scale = 0.9999964596882403.


Package fontspec Info: latinmodern-math scale = 0.9998964600422715.


Package fontspec Info: latinmodern-math scale = 0.9999964596882403.


Package fontspec Info: latinmodern-math scale = 0.9998964600422715.


Package fontspec Info: latinmodern-math scale = 0.9999964596882403.


Package fontspec Info: latinmodern-math scale = 0.9998964600422715.


Package fontspec Info: Font family 'latinmodern-math.otf(3)' created for font
(fontspec)             'latinmodern-math.otf' with options
(fontspec)             [Scale=MatchLowercase,BoldItalicFont={},ItalicFont={},SmallCapsFont={},Script=Math,SizeFeatures={{Size=8.5-},{Size=6-8.5,Font=latinmodern-math.otf,Style=MathScript},{Size=-6,Font=latinmodern-math.otf,Style=MathScriptScript}},BoldFont={latinmodern-math.otf},ScaleAgain=0.9999,FontAdjustment={\fontdimen
(fontspec)             8\font =0.4pt\relax \fontdimen 9\font =2.0pt\relax
(fontspec)             \fontdimen 10\font =1.67pt\relax \fontdimen 11\font
(fontspec)             =1.11pt\relax \fontdimen 12\font =6.0pt\relax
(fontspec)             \fontdimen 13\font =0pt\relax }].
(fontspec)              
(fontspec)              This font family consists of the following NFSS
(fontspec)             series/shapes:
(fontspec)              
(fontspec)             - 'normal' (m/n) with NFSS spec.:
(fontspec)             <8.5->s*[0.9998964600422715]"[latinmodern-math.otf]/OT:script=math;language=dflt;"<6-8.5>s*[0.9998964600422715]"[latinmodern-math.otf]/OT:script=math;language=dflt;+ssty=0;"<-6>s*[0.9998964600422715]"[latinmodern-math.otf]/OT:script=math;language=dflt;+ssty=1;"
(fontspec)             - 'small caps'  (m/sc) with NFSS spec.: 
(fontspec)             and font adjustment code:
(fontspec)             \fontdimen 8\font =0.4pt\relax \fontdimen 9\font
(fontspec)             =2.0pt\relax \fontdimen 10\font =1.67pt\relax
(fontspec)             \fontdimen 11\font =1.11pt\relax \fontdimen 12\font
(fontspec)             =6.0pt\relax \fontdimen 13\font =0pt\relax 
(fontspec)             - 'bold' (b/n) with NFSS spec.:
(fontspec)             <->s*[0.9998964600422715]"[latinmodern-math.otf]/OT:script=math;language=dflt;"
(fontspec)             - 'bold small caps'  (b/sc) with NFSS spec.: 
(fontspec)             and font adjustment code:
(fontspec)             \fontdimen 8\font =0.4pt\relax \fontdimen 9\font
(fontspec)             =2.0pt\relax \fontdimen 10\font =1.67pt\relax
(fontspec)             \fontdimen 11\font =1.11pt\relax \fontdimen 12\font
(fontspec)             =6.0pt\relax \fontdimen 13\font =0pt\relax 

LaTeX Font Info:    Encoding `OMX' has changed to `TU' for symbol font
(Font)              `largesymbols' in the math version `normal' on input line 224.
LaTeX Font Info:    Overwriting symbol font `largesymbols' in version `normal'
(Font)                  OMX/lmex/m/n --> TU/latinmodern-math.otf(3)/m/n on input line 224.
LaTeX Font Info:    Encoding `OMX' has changed to `TU' for symbol font
(Font)              `largesymbols' in the math version `bold' on input line 224.
LaTeX Font Info:    Overwriting symbol font `largesymbols' in version `bold'
(Font)                  OMX/lmex/m/n --> TU/latinmodern-math.otf(3)/b/n on input line 224.
*geometry* driver: auto-detecting
*geometry* detected driver: xetex
*geometry* verbose mode - [ preamble ] result:
* driver: xetex
* paper: b5paper
* layout: <same size as paper>
* layoutoffset:(h,v)=(0.0pt,0.0pt)
* modes: twoside 
* h-part:(L,W,R)=(28.45274pt, 443.863pt, 28.45274pt)
* v-part:(T,H,B)=(42.67912pt, 625.96065pt, 42.67912pt)
* \paperwidth=500.7685pt
* \paperheight=711.3189pt
* \textwidth=443.863pt
* \textheight=625.96065pt
* \oddsidemargin=-43.81725pt
* \evensidemargin=-43.81725pt
* \topmargin=-59.65836pt
* \headheight=12.0pt
* \headsep=18.06749pt
* \topskip=10.0pt
* \footskip=25.29494pt
* \marginparwidth=125.0pt
* \marginparsep=7.0pt
* \columnsep=10.0pt
* \skip\footins=9.0pt plus 4.0pt minus 2.0pt
* \hoffset=0.0pt
* \voffset=0.0pt
* \mag=1000
* \@twocolumnfalse
* \@twosidetrue
* \@mparswitchtrue
* \@reversemarginfalse
* (1in=72.27pt=25.4mm, 1cm=28.453pt)

Package hyperref Info: Link coloring ON on input line 224.
(./math.out) (./math.out)
\@outlinefile=\write6
\openout6 = `math.out'.

Package pgfplots notification 'compat/show suggested version=true': you might benefit from \pgfplotsset{compat=1.18} (current compat level: 1.15).

LaTeX Font Info:    Font shape `TU/latinmodern-math.otf(1)/m/n' will be
(Font)              scaled to size 12.0pt on input line 226.
LaTeX Font Info:    Font shape `TU/latinmodern-math.otf(1)/m/n' will be
(Font)              scaled to size 8.0pt on input line 226.
LaTeX Font Info:    Font shape `TU/latinmodern-math.otf(1)/m/n' will be
(Font)              scaled to size 6.0pt on input line 226.
LaTeX Font Info:    Trying to load font information for OML+lmm on input line 226.
(d:/Users/115381/AppData/Roaming/TinyTeX/texmf-dist/tex/latex/lm/omllmm.fd
File: omllmm.fd 2015/05/01 v1.6.1 Font defs for Latin Modern
)
LaTeX Font Info:    Font shape `TU/latinmodern-math.otf(2)/m/n' will be
(Font)              scaled to size 12.0011pt on input line 226.
LaTeX Font Info:    Font shape `TU/latinmodern-math.otf(2)/m/n' will be
(Font)              scaled to size 8.00073pt on input line 226.
LaTeX Font Info:    Font shape `TU/latinmodern-math.otf(2)/m/n' will be
(Font)              scaled to size 6.00055pt on input line 226.
LaTeX Font Info:    Font shape `TU/latinmodern-math.otf(3)/m/n' will be
(Font)              scaled to size 11.99872pt on input line 226.
LaTeX Font Info:    Font shape `TU/latinmodern-math.otf(3)/m/n' will be
(Font)              scaled to size 7.99915pt on input line 226.
LaTeX Font Info:    Font shape `TU/latinmodern-math.otf(3)/m/n' will be
(Font)              scaled to size 5.99936pt on input line 226.
LaTeX Font Info:    Trying to load font information for U+msa on input line 226.
(d:/Users/115381/AppData/Roaming/TinyTeX/texmf-dist/tex/latex/amsfonts/umsa.fd
File: umsa.fd 2013/01/14 v3.01 AMS symbols A
)
LaTeX Font Info:    Trying to load font information for U+msb on input line 226.
(d:/Users/115381/AppData/Roaming/TinyTeX/texmf-dist/tex/latex/amsfonts/umsb.fd
File: umsb.fd 2013/01/14 v3.01 AMS symbols B
)
LaTeX Font Info:    Trying to load font information for U+rsfs on input line 226.
(d:/Users/115381/AppData/Roaming/TinyTeX/texmf-dist/tex/latex/jknapltx/ursfs.fd
File: ursfs.fd 1998/03/24 rsfs font definition file (jk)
) [1


] [2

] (./math.toc
LaTeX Font Info:    Font shape `TU/latinmodern-math.otf(1)/m/n' will be
(Font)              scaled to size 7.0pt on input line 4.
LaTeX Font Info:    Font shape `TU/latinmodern-math.otf(1)/m/n' will be
(Font)              scaled to size 5.0pt on input line 4.
LaTeX Font Info:    Font shape `TU/latinmodern-math.otf(2)/m/n' will be
(Font)              scaled to size 10.00092pt on input line 4.
LaTeX Font Info:    Font shape `TU/latinmodern-math.otf(2)/m/n' will be
(Font)              scaled to size 7.00064pt on input line 4.
LaTeX Font Info:    Font shape `TU/latinmodern-math.otf(2)/m/n' will be
(Font)              scaled to size 5.00046pt on input line 4.
LaTeX Font Info:    Font shape `TU/latinmodern-math.otf(3)/m/n' will be
(Font)              scaled to size 9.99893pt on input line 4.
LaTeX Font Info:    Font shape `TU/latinmodern-math.otf(3)/m/n' will be
(Font)              scaled to size 6.99925pt on input line 4.
LaTeX Font Info:    Font shape `TU/latinmodern-math.otf(3)/m/n' will be
(Font)              scaled to size 4.99947pt on input line 4.
[3])
\tf@toc=\write7
\openout7 = `math.toc'.

[4] [5

] [6

] [7] [8] [9] [10

]
Chapter 1.

Underfull \hbox (badness 10000) in paragraph at lines 261--262
[]\TU/lmr/m/n/10 [equivalence-class.html] [equivalence-class.html#equivalence-class] (@ref(equivalence-class.html))
 []


Underfull \hbox (badness 10000) in paragraph at lines 267--268
[]\TU/lmr/m/n/10 [equivalence-relation.html] [equivalence-relation.html#equivalence-relation] (@ref(equivalence-
 []


Underfull \hbox (badness 10000) in paragraph at lines 277--278
[][]$[][][][][] [] [] [] [][][][][][][][][][][][][] [] [][][] [] [][][][][][][][][] [] [][][][][][][][] [] [][][] [][] [][][] [][] [][][][] [][] [][][] [][] [][][] [][] [][][][][][] [][] [][] [][] [][][][][][][][] [] [][][][][][][][] []
 []

[11] [12]
Chapter 2.
[13

] [14

] (d:/Users/115381/AppData/Roaming/TinyTeX/texmf-dist/tex/latex/cjk/texinput/UTF8/UTF8.bdg
File: UTF8.bdg 2021/10/16 4.8.5
) (d:/Users/115381/AppData/Roaming/TinyTeX/texmf-dist/tex/latex/cjk/texinput/UTF8/UTF8.enc
File: UTF8.enc 2021/10/16 4.8.5
) (d:/Users/115381/AppData/Roaming/TinyTeX/texmf-dist/tex/latex/cjk/texinput/UTF8/UTF8.chr
File: UTF8.chr 2021/10/16 4.8.5
)
Missing character: There is no  (U+7B49) in font [lmroman10-regular]:mapping=tex-text;!
Missing character: There is no  (U+50F9) in font [lmroman10-regular]:mapping=tex-text;!
Missing character: There is no  (U+95DC) in font [lmroman10-regular]:mapping=tex-text;!
Missing character: There is no  (U+4FC2) in font [lmroman10-regular]:mapping=tex-text;!
(d:/Users/115381/AppData/Roaming/TinyTeX/texmf-dist/tex/latex/cjk/texinput/UTF8/UTF8.enc
File: UTF8.enc 2021/10/16 4.8.5
) (d:/Users/115381/AppData/Roaming/TinyTeX/texmf-dist/tex/latex/cjk/texinput/UTF8/UTF8.chr
File: UTF8.chr 2021/10/16 4.8.5
)
Missing character: There is no  (U+7B49) in font [lmroman10-regular]:mapping=tex-text;!
Missing character: There is no  (U+50F9) in font [lmroman10-regular]:mapping=tex-text;!
Missing character: There is no  (U+7B49) in font [lmroman10-regular]:mapping=tex-text;!
Missing character: There is no  (U+50F9) in font [lmroman10-regular]:mapping=tex-text;!
Missing character: There is no  (U+7B49) in font [lmroman7-regular]:mapping=tex-text;!
Missing character: There is no  (U+50F9) in font [lmroman7-regular]:mapping=tex-text;!
Missing character: There is no  (U+7B49) in font [lmroman5-regular]:mapping=tex-text;!
Missing character: There is no  (U+50F9) in font [lmroman5-regular]:mapping=tex-text;!
Missing character: There is no  (U+95DC) in font [lmroman10-regular]:mapping=tex-text;!
Missing character: There is no  (U+4FC2) in font [lmroman10-regular]:mapping=tex-text;!
Missing character: There is no  (U+95DC) in font [lmroman10-regular]:mapping=tex-text;!
Missing character: There is no  (U+4FC2) in font [lmroman10-regular]:mapping=tex-text;!
Missing character: There is no  (U+95DC) in font [lmroman7-regular]:mapping=tex-text;!
Missing character: There is no  (U+4FC2) in font [lmroman7-regular]:mapping=tex-text;!
Missing character: There is no  (U+95DC) in font [lmroman5-regular]:mapping=tex-text;!
Missing character: There is no  (U+4FC2) in font [lmroman5-regular]:mapping=tex-text;!
Missing character: There is no  (U+81EA) in font [lmroman10-regular]:mapping=tex-text;!
Missing character: There is no  (U+53CD) in font [lmroman10-regular]:mapping=tex-text;!
Missing character: There is no  (U+81EA) in font [lmroman10-regular]:mapping=tex-text;!
Missing character: There is no  (U+53CD) in font [lmroman10-regular]:mapping=tex-text;!
Missing character: There is no  (U+81EA) in font [lmroman7-regular]:mapping=tex-text;!
Missing character: There is no  (U+53CD) in font [lmroman7-regular]:mapping=tex-text;!
Missing character: There is no  (U+81EA) in font [lmroman5-regular]:mapping=tex-text;!
Missing character: There is no  (U+53CD) in font [lmroman5-regular]:mapping=tex-text;!
Missing character: There is no  (U+5C0D) in font [lmroman10-regular]:mapping=tex-text;!
Missing character: There is no  (U+7A31) in font [lmroman10-regular]:mapping=tex-text;!
Missing character: There is no  (U+5C0D) in font [lmroman10-regular]:mapping=tex-text;!
Missing character: There is no  (U+7A31) in font [lmroman10-regular]:mapping=tex-text;!
Missing character: There is no  (U+5C0D) in font [lmroman7-regular]:mapping=tex-text;!
Missing character: There is no  (U+7A31) in font [lmroman7-regular]:mapping=tex-text;!
Missing character: There is no  (U+5C0D) in font [lmroman5-regular]:mapping=tex-text;!
Missing character: There is no  (U+7A31) in font [lmroman5-regular]:mapping=tex-text;!
Missing character: There is no  (U+905E) in font [lmroman10-regular]:mapping=tex-text;!
Missing character: There is no  (U+79FB) in font [lmroman10-regular]:mapping=tex-text;!
Missing character: There is no  (U+905E) in font [lmroman10-regular]:mapping=tex-text;!
Missing character: There is no  (U+79FB) in font [lmroman10-regular]:mapping=tex-text;!
Missing character: There is no  (U+905E) in font [lmroman7-regular]:mapping=tex-text;!
Missing character: There is no  (U+79FB) in font [lmroman7-regular]:mapping=tex-text;!
Missing character: There is no  (U+905E) in font [lmroman5-regular]:mapping=tex-text;!
Missing character: There is no  (U+79FB) in font [lmroman5-regular]:mapping=tex-text;!
Missing character: There is no  (U+7B49) in font [lmroman10-regular]:mapping=tex-text;!
Missing character: There is no  (U+50F9) in font [lmroman10-regular]:mapping=tex-text;!
Missing character: There is no  (U+7B49) in font [lmroman10-regular]:mapping=tex-text;!
Missing character: There is no  (U+50F9) in font [lmroman10-regular]:mapping=tex-text;!
Missing character: There is no  (U+7B49) in font [lmroman7-regular]:mapping=tex-text;!
Missing character: There is no  (U+50F9) in font [lmroman7-regular]:mapping=tex-text;!
Missing character: There is no  (U+7B49) in font [lmroman5-regular]:mapping=tex-text;!
Missing character: There is no  (U+50F9) in font [lmroman5-regular]:mapping=tex-text;!
Missing character: There is no  (U+95DC) in font [lmroman10-regular]:mapping=tex-text;!
Missing character: There is no  (U+4FC2) in font [lmroman10-regular]:mapping=tex-text;!
Missing character: There is no  (U+95DC) in font [lmroman10-regular]:mapping=tex-text;!
Missing character: There is no  (U+4FC2) in font [lmroman10-regular]:mapping=tex-text;!
Missing character: There is no  (U+95DC) in font [lmroman7-regular]:mapping=tex-text;!
Missing character: There is no  (U+4FC2) in font [lmroman7-regular]:mapping=tex-text;!
Missing character: There is no  (U+95DC) in font [lmroman5-regular]:mapping=tex-text;!
Missing character: There is no  (U+4FC2) in font [lmroman5-regular]:mapping=tex-text;!
Missing character: There is no  (U+81EA) in font [lmroman10-regular]:mapping=tex-text;!
Missing character: There is no  (U+53CD) in font [lmroman10-regular]:mapping=tex-text;!
Missing character: There is no  (U+81EA) in font [lmroman10-regular]:mapping=tex-text;!
Missing character: There is no  (U+53CD) in font [lmroman10-regular]:mapping=tex-text;!
Missing character: There is no  (U+81EA) in font [lmroman7-regular]:mapping=tex-text;!
Missing character: There is no  (U+53CD) in font [lmroman7-regular]:mapping=tex-text;!
Missing character: There is no  (U+81EA) in font [lmroman5-regular]:mapping=tex-text;!
Missing character: There is no  (U+53CD) in font [lmroman5-regular]:mapping=tex-text;!
Missing character: There is no  (U+5C0D) in font [lmroman10-regular]:mapping=tex-text;!
Missing character: There is no  (U+7A31) in font [lmroman10-regular]:mapping=tex-text;!
Missing character: There is no  (U+5C0D) in font [lmroman10-regular]:mapping=tex-text;!
Missing character: There is no  (U+7A31) in font [lmroman10-regular]:mapping=tex-text;!
Missing character: There is no  (U+5C0D) in font [lmroman7-regular]:mapping=tex-text;!
Missing character: There is no  (U+7A31) in font [lmroman7-regular]:mapping=tex-text;!
Missing character: There is no  (U+5C0D) in font [lmroman5-regular]:mapping=tex-text;!
Missing character: There is no  (U+7A31) in font [lmroman5-regular]:mapping=tex-text;!
Missing character: There is no  (U+905E) in font [lmroman10-regular]:mapping=tex-text;!
Missing character: There is no  (U+79FB) in font [lmroman10-regular]:mapping=tex-text;!
Missing character: There is no  (U+905E) in font [lmroman10-regular]:mapping=tex-text;!
Missing character: There is no  (U+79FB) in font [lmroman10-regular]:mapping=tex-text;!
Missing character: There is no  (U+905E) in font [lmroman7-regular]:mapping=tex-text;!
Missing character: There is no  (U+79FB) in font [lmroman7-regular]:mapping=tex-text;!
Missing character: There is no  (U+905E) in font [lmroman5-regular]:mapping=tex-text;!
Missing character: There is no  (U+79FB) in font [lmroman5-regular]:mapping=tex-text;!
[15] [16

] [17] [18

]
Chapter 3.
[19] [20

] [21] [22

]
Chapter 4.
[23] [24

]
File: 202401260003-plot_files/figure-latex/unnamed-chunk-3-1.pdf Graphic file (type pdf)
<use 202401260003-plot_files/figure-latex/unnamed-chunk-3-1.pdf>
File: 202401260003-plot_files/figure-latex/unnamed-chunk-4-1.pdf Graphic file (type pdf)
<use 202401260003-plot_files/figure-latex/unnamed-chunk-4-1.pdf>
[25] [26

] <xymatrix 3x3 320> <xymatrix 3x3 320> [27] [28

] [29] [30]
Chapter 5.
[31

] [32

] [33] [34

] [35] [36

] [37] [38

] (d:/Users/115381/AppData/Roaming/TinyTeX/texmf-dist/tex/latex/cjk/texinput/UTF8/UTF8.enc
File: UTF8.enc 2021/10/16 4.8.5
) (d:/Users/115381/AppData/Roaming/TinyTeX/texmf-dist/tex/latex/cjk/texinput/UTF8/UTF8.chr
File: UTF8.chr 2021/10/16 4.8.5
)
Missing character: There is no  (U+7B49) in font [lmroman10-regular]:mapping=tex-text;!
Missing character: There is no  (U+50F9) in font [lmroman10-regular]:mapping=tex-text;!
Missing character: There is no  (U+95DC) in font [lmroman10-regular]:mapping=tex-text;!
Missing character: There is no  (U+4FC2) in font [lmroman10-regular]:mapping=tex-text;!
(d:/Users/115381/AppData/Roaming/TinyTeX/texmf-dist/tex/latex/cjk/texinput/UTF8/UTF8.enc
File: UTF8.enc 2021/10/16 4.8.5
) (d:/Users/115381/AppData/Roaming/TinyTeX/texmf-dist/tex/latex/cjk/texinput/UTF8/UTF8.chr
File: UTF8.chr 2021/10/16 4.8.5
)
Missing character: There is no  (U+7B49) in font [lmroman10-regular]:mapping=tex-text;!
Missing character: There is no  (U+50F9) in font [lmroman10-regular]:mapping=tex-text;!
Missing character: There is no  (U+7B49) in font [lmroman10-regular]:mapping=tex-text;!
Missing character: There is no  (U+50F9) in font [lmroman10-regular]:mapping=tex-text;!
Missing character: There is no  (U+7B49) in font [lmroman7-regular]:mapping=tex-text;!
Missing character: There is no  (U+50F9) in font [lmroman7-regular]:mapping=tex-text;!
Missing character: There is no  (U+7B49) in font [lmroman5-regular]:mapping=tex-text;!
Missing character: There is no  (U+50F9) in font [lmroman5-regular]:mapping=tex-text;!
Missing character: There is no  (U+95DC) in font [lmroman10-regular]:mapping=tex-text;!
Missing character: There is no  (U+4FC2) in font [lmroman10-regular]:mapping=tex-text;!
Missing character: There is no  (U+95DC) in font [lmroman10-regular]:mapping=tex-text;!
Missing character: There is no  (U+4FC2) in font [lmroman10-regular]:mapping=tex-text;!
Missing character: There is no  (U+95DC) in font [lmroman7-regular]:mapping=tex-text;!
Missing character: There is no  (U+4FC2) in font [lmroman7-regular]:mapping=tex-text;!
Missing character: There is no  (U+95DC) in font [lmroman5-regular]:mapping=tex-text;!
Missing character: There is no  (U+4FC2) in font [lmroman5-regular]:mapping=tex-text;!
Missing character: There is no  (U+81EA) in font [lmroman10-regular]:mapping=tex-text;!
Missing character: There is no  (U+53CD) in font [lmroman10-regular]:mapping=tex-text;!
Missing character: There is no  (U+81EA) in font [lmroman10-regular]:mapping=tex-text;!
Missing character: There is no  (U+53CD) in font [lmroman10-regular]:mapping=tex-text;!
Missing character: There is no  (U+81EA) in font [lmroman7-regular]:mapping=tex-text;!
Missing character: There is no  (U+53CD) in font [lmroman7-regular]:mapping=tex-text;!
Missing character: There is no  (U+81EA) in font [lmroman5-regular]:mapping=tex-text;!
Missing character: There is no  (U+53CD) in font [lmroman5-regular]:mapping=tex-text;!
Missing character: There is no  (U+5C0D) in font [lmroman10-regular]:mapping=tex-text;!
Missing character: There is no  (U+7A31) in font [lmroman10-regular]:mapping=tex-text;!
Missing character: There is no  (U+5C0D) in font [lmroman10-regular]:mapping=tex-text;!
Missing character: There is no  (U+7A31) in font [lmroman10-regular]:mapping=tex-text;!
Missing character: There is no  (U+5C0D) in font [lmroman7-regular]:mapping=tex-text;!
Missing character: There is no  (U+7A31) in font [lmroman7-regular]:mapping=tex-text;!
Missing character: There is no  (U+5C0D) in font [lmroman5-regular]:mapping=tex-text;!
Missing character: There is no  (U+7A31) in font [lmroman5-regular]:mapping=tex-text;!
Missing character: There is no  (U+905E) in font [lmroman10-regular]:mapping=tex-text;!
Missing character: There is no  (U+79FB) in font [lmroman10-regular]:mapping=tex-text;!
Missing character: There is no  (U+905E) in font [lmroman10-regular]:mapping=tex-text;!
Missing character: There is no  (U+79FB) in font [lmroman10-regular]:mapping=tex-text;!
Missing character: There is no  (U+905E) in font [lmroman7-regular]:mapping=tex-text;!
Missing character: There is no  (U+79FB) in font [lmroman7-regular]:mapping=tex-text;!
Missing character: There is no  (U+905E) in font [lmroman5-regular]:mapping=tex-text;!
Missing character: There is no  (U+79FB) in font [lmroman5-regular]:mapping=tex-text;!
Missing character: There is no  (U+7B49) in font [lmroman10-regular]:mapping=tex-text;!
Missing character: There is no  (U+50F9) in font [lmroman10-regular]:mapping=tex-text;!
Missing character: There is no  (U+7B49) in font [lmroman10-regular]:mapping=tex-text;!
Missing character: There is no  (U+50F9) in font [lmroman10-regular]:mapping=tex-text;!
Missing character: There is no  (U+7B49) in font [lmroman7-regular]:mapping=tex-text;!
Missing character: There is no  (U+50F9) in font [lmroman7-regular]:mapping=tex-text;!
Missing character: There is no  (U+7B49) in font [lmroman5-regular]:mapping=tex-text;!
Missing character: There is no  (U+50F9) in font [lmroman5-regular]:mapping=tex-text;!
Missing character: There is no  (U+95DC) in font [lmroman10-regular]:mapping=tex-text;!
Missing character: There is no  (U+4FC2) in font [lmroman10-regular]:mapping=tex-text;!
Missing character: There is no  (U+95DC) in font [lmroman10-regular]:mapping=tex-text;!
Missing character: There is no  (U+4FC2) in font [lmroman10-regular]:mapping=tex-text;!
Missing character: There is no  (U+95DC) in font [lmroman7-regular]:mapping=tex-text;!
Missing character: There is no  (U+4FC2) in font [lmroman7-regular]:mapping=tex-text;!
Missing character: There is no  (U+95DC) in font [lmroman5-regular]:mapping=tex-text;!
Missing character: There is no  (U+4FC2) in font [lmroman5-regular]:mapping=tex-text;!
Missing character: There is no  (U+81EA) in font [lmroman10-regular]:mapping=tex-text;!
Missing character: There is no  (U+53CD) in font [lmroman10-regular]:mapping=tex-text;!
Missing character: There is no  (U+81EA) in font [lmroman10-regular]:mapping=tex-text;!
Missing character: There is no  (U+53CD) in font [lmroman10-regular]:mapping=tex-text;!
Missing character: There is no  (U+81EA) in font [lmroman7-regular]:mapping=tex-text;!
Missing character: There is no  (U+53CD) in font [lmroman7-regular]:mapping=tex-text;!
Missing character: There is no  (U+81EA) in font [lmroman5-regular]:mapping=tex-text;!
Missing character: There is no  (U+53CD) in font [lmroman5-regular]:mapping=tex-text;!
Missing character: There is no  (U+5C0D) in font [lmroman10-regular]:mapping=tex-text;!
Missing character: There is no  (U+7A31) in font [lmroman10-regular]:mapping=tex-text;!
Missing character: There is no  (U+5C0D) in font [lmroman10-regular]:mapping=tex-text;!
Missing character: There is no  (U+7A31) in font [lmroman10-regular]:mapping=tex-text;!
Missing character: There is no  (U+5C0D) in font [lmroman7-regular]:mapping=tex-text;!
Missing character: There is no  (U+7A31) in font [lmroman7-regular]:mapping=tex-text;!
Missing character: There is no  (U+5C0D) in font [lmroman5-regular]:mapping=tex-text;!
Missing character: There is no  (U+7A31) in font [lmroman5-regular]:mapping=tex-text;!
Missing character: There is no  (U+905E) in font [lmroman10-regular]:mapping=tex-text;!
Missing character: There is no  (U+79FB) in font [lmroman10-regular]:mapping=tex-text;!
Missing character: There is no  (U+905E) in font [lmroman10-regular]:mapping=tex-text;!
Missing character: There is no  (U+79FB) in font [lmroman10-regular]:mapping=tex-text;!
Missing character: There is no  (U+905E) in font [lmroman7-regular]:mapping=tex-text;!
Missing character: There is no  (U+79FB) in font [lmroman7-regular]:mapping=tex-text;!
Missing character: There is no  (U+905E) in font [lmroman5-regular]:mapping=tex-text;!
Missing character: There is no  (U+79FB) in font [lmroman5-regular]:mapping=tex-text;!
[39] [40

]
Chapter 6.
LaTeX Font Info:    Font shape `TU/lmtt/bx/n' in size <10> not available
(Font)              Font shape `TU/lmtt/b/n' tried instead on input line 511.
[41]
File: 202401292317-Python_files/figure-latex/unnamed-chunk-8-1.pdf Graphic file (type pdf)
<use 202401292317-Python_files/figure-latex/unnamed-chunk-8-1.pdf>
[42] [43] [44

]
File: 202401311000-TiKZ-PgfPlot_files/figure-latex/unnamed-chunk-1-1.pdf Graphic file (type pdf)
<use 202401311000-TiKZ-PgfPlot_files/figure-latex/unnamed-chunk-1-1.pdf>
File: 202401311000-TiKZ-PgfPlot_files/figure-latex/unnamed-chunk-2-1.pdf Graphic file (type pdf)
<use 202401311000-TiKZ-PgfPlot_files/figure-latex/unnamed-chunk-2-1.pdf>
[45] [46

] <xymatrix 3x3 320> <xymatrix 3x3 320> [47] [48

]
Underfull \hbox (badness 10000) in paragraph at lines 678--681

 []

Missing character: There is no  (U+4E8C) in font [lmroman10-regular]:mapping=tex-text;!
Missing character: There is no  (U+6B21) in font [lmroman10-regular]:mapping=tex-text;!
Missing character: There is no  (U+578B) in font [lmroman10-regular]:mapping=tex-text;!
Missing character: There is no  (U+8207) in font [lmroman10-regular]:mapping=tex-text;!
Missing character: There is no  (U+6B63) in font [lmroman10-regular]:mapping=tex-text;!
Missing character: There is no  (U+5B9A) in font [lmroman10-regular]:mapping=tex-text;!
Missing character: There is no  (U+77E9) in font [lmroman10-regular]:mapping=tex-text;!
Missing character: There is no  (U+9663) in font [lmroman10-regular]:mapping=tex-text;!

Underfull \hbox (badness 10000) in paragraph at lines 682--685

 []

[49] (./math.aux)
 ***********
LaTeX2e <2023-11-01> patch level 1
L3 programming layer <2024-01-22>
 ***********

LaTeX Warning: There were multiply-defined labels.

Package rerunfilecheck Info: File `math.out' has not changed.
(rerunfilecheck)             Checksum: 654FA71B486CCF2CAB8065625D531BDA;2977.
 ) 
Here is how much of TeX's memory you used:
 43288 strings out of 476877
 979186 string characters out of 5803395
 1937630 words of memory out of 5000000
 64483 multiletter control sequences out of 15000+600000
 567014 words of font info for 111 fonts, out of 8000000 for 9000
 14 hyphenation exceptions out of 8191
 103i,20n,120p,725b,481s stack positions out of 10000i,1000n,20000p,200000b,200000s

Output written on math.pdf (49 pages).
